Arguments: 
  D:\nodejs\node.exe C:\Users\TRETEC\AppData\Roaming\npm\node_modules\yarn\bin\yarn.js add -D tsnode

PATH: 
  C:\Users\TRETEC\bin;C:\Program Files\Git\mingw64\bin;C:\Program Files\Git\usr\local\bin;C:\Program Files\Git\usr\bin;C:\Program Files\Git\usr\bin;C:\Program Files\Git\mingw64\bin;C:\Program Files\Git\usr\bin;C:\Users\TRETEC\bin;C:\ProgramData\Oracle\Java\javapath;C:\WINDOWS\system32;C:\WINDOWS;C:\WINDOWS\System32\Wbem;C:\WINDOWS\System32\WindowsPowerShell\v1.0;C:\WINDOWS\System32\OpenSSH;C:\Program Files\Git\cmd;C:\Program Files\Git\mingw64\bin;C:\Program Files\Git\usr\bin;D:\nodejs;C:\Users\TRETEC\AppData\Local\Microsoft\WindowsApps;D:\Microsoft VS Code\bin;C:\Users\TRETEC\AppData\Roaming\npm;C:\Users\TRETEC\AppData\Local\atom\bin;C:\Program Files\Git\usr\bin\vendor_perl;C:\Program Files\Git\usr\bin\core_perl

Yarn version: 
  1.22.10

Node version: 
  14.15.1

Platform: 
  win32 x64

Trace: 
  Error: https://registry.yarnpkg.com/tsnode: Not found
      at Request.params.callback [as _callback] (C:\Users\TRETEC\AppData\Roaming\npm\node_modules\yarn\lib\cli.js:66988:18)
      at Request.self.callback (C:\Users\TRETEC\AppData\Roaming\npm\node_modules\yarn\lib\cli.js:140662:22)
      at Request.emit (events.js:315:20)
      at Request.<anonymous> (C:\Users\TRETEC\AppData\Roaming\npm\node_modules\yarn\lib\cli.js:141634:10)
      at Request.emit (events.js:315:20)
      at IncomingMessage.<anonymous> (C:\Users\TRETEC\AppData\Roaming\npm\node_modules\yarn\lib\cli.js:141556:12)
      at Object.onceWrapper (events.js:421:28)
      at IncomingMessage.emit (events.js:327:22)
      at endReadableNT (_stream_readable.js:1327:12)
      at processTicksAndRejections (internal/process/task_queues.js:80:21)

npm manifest: 
  {
    "name": "server",
    "version": "1.0.0",
    "description": "",
    "main": "index.js",
    "scripts": {
      "watch": "tsc -w",
      "dev": "nodemon dist/index.js"
    },
    "keywords": [],
    "author": "",
    "license": "ISC",
    "dependencies": {
      "@mikro-orm/cli": "^4.5.4",
      "@mikro-orm/core": "^4.5.4",
      "@mikro-orm/migrations": "^4.5.4",
      "@mikro-orm/postgresql": "^4.5.4",
      "@types/node": "^15.0.2",
      "pg": "^8.6.0"
    },
    "mikro-orm": {
      "useTsNode": true,
      "configPaths": [
        "./src/mikro-orm.config.ts",
        "./dist/mikro-orm.config.js"
      ]
    }
  }

yarn manifest: 
  No manifest

Lockfile: 
  # THIS IS AN AUTOGENERATED FILE. DO NOT EDIT THIS FILE DIRECTLY.
  # yarn lockfile v1
  
  
  "@mikro-orm/cli@^4.5.4":
    "integrity" "sha512-q/AbRD6YLSDKkmyM2B/iTvhPi73065DqkRfz6QhjkWKkOoTCCsLttPGAJFvBni1Z2nMdxezTfvdaVVACuj2pTQ=="
    "resolved" "https://registry.npmjs.org/@mikro-orm/cli/-/cli-4.5.4.tgz"
    "version" "4.5.4"
    dependencies:
      "@mikro-orm/core" "^4.5.4"
      "@mikro-orm/entity-generator" "^4.5.4"
      "@mikro-orm/knex" "^4.5.4"
      "@mikro-orm/migrations" "^4.5.4"
      "ansi-colors" "4.1.1"
      "cli-table3" "0.6.0"
      "fs-extra" "9.1.0"
      "tsconfig-paths" "3.9.0"
      "yargonaut" "1.1.4"
      "yargs" "15.4.1"
  
  "@mikro-orm/core@^4.0.0", "@mikro-orm/core@^4.5.4":
    "integrity" "sha512-CiC3H7up/vV2bMqodxTQmN3eVN4L0EjroVeMMkNsmr03FxpAAAIeWfOsGJ2yixk3if/1CT1U42/q/9dcWRIglA=="
    "resolved" "https://registry.npmjs.org/@mikro-orm/core/-/core-4.5.4.tgz"
    "version" "4.5.4"
    dependencies:
      "ansi-colors" "4.1.1"
      "clone" "2.1.2"
      "dotenv" "8.2.0"
      "escaya" "0.0.61"
      "fs-extra" "9.1.0"
      "globby" "11.0.3"
      "reflect-metadata" "0.1.13"
      "strip-json-comments" "3.1.1"
  
  "@mikro-orm/entity-generator@^4.0.0", "@mikro-orm/entity-generator@^4.5.4":
    "integrity" "sha512-v44mDK/r0qcXolwCzKjk1Hz2u/uskGGr8PdXlAY5/E9Bj11eRIOQD7olw8HREhW5CbIS2lYsrxsRTSRHD5GOog=="
    "resolved" "https://registry.npmjs.org/@mikro-orm/entity-generator/-/entity-generator-4.5.4.tgz"
    "version" "4.5.4"
    dependencies:
      "@mikro-orm/knex" "^4.5.4"
      "fs-extra" "9.1.0"
  
  "@mikro-orm/knex@^4.5.4":
    "integrity" "sha512-9orgxL2a/xc9tKlKQe6hi1CNG9K7Q3pHlNqWOmRCfL51TD8Ya6AWucmVa0Qf7+wZnRJuzx1zED7+oYpw4izRkA=="
    "resolved" "https://registry.npmjs.org/@mikro-orm/knex/-/knex-4.5.4.tgz"
    "version" "4.5.4"
    dependencies:
      "fs-extra" "9.1.0"
      "knex" "0.21.19"
      "sqlstring" "2.3.2"
  
  "@mikro-orm/migrations@^4.0.0", "@mikro-orm/migrations@^4.5.4":
    "integrity" "sha512-ckNs0OgmiEqAp3oUHXKtt/m7i4NLP5GxsYw+xRLsl75yZptQzXzYwoxow2ewXUr+XcsM0BUNWKUc4fNcvxEzcw=="
    "resolved" "https://registry.npmjs.org/@mikro-orm/migrations/-/migrations-4.5.4.tgz"
    "version" "4.5.4"
    dependencies:
      "@mikro-orm/knex" "^4.5.4"
      "@types/umzug" "2.3.0"
      "fs-extra" "9.1.0"
      "knex" "0.21.19"
      "umzug" "2.3.0"
  
  "@mikro-orm/postgresql@^4.0.0", "@mikro-orm/postgresql@^4.5.4":
    "integrity" "sha512-zXHHqfRKRgVH5VR3l4xwOtJMLFQIyXkxZIOA31kjbsPt/P24M2EKi2zdVzuQsfe01YMTmx9mZshZc44FqXwD4Q=="
    "resolved" "https://registry.npmjs.org/@mikro-orm/postgresql/-/postgresql-4.5.4.tgz"
    "version" "4.5.4"
    dependencies:
      "@mikro-orm/knex" "^4.5.4"
      "pg" "8.6.0"
  
  "@nodelib/fs.scandir@2.1.4":
    "integrity" "sha512-33g3pMJk3bg5nXbL/+CY6I2eJDzZAni49PfJnL5fghPTggPvBd/pFNSgJsdAgWptuFu7qq/ERvOYFlhvsLTCKA=="
    "resolved" "https://registry.npmjs.org/@nodelib/fs.scandir/-/fs.scandir-2.1.4.tgz"
    "version" "2.1.4"
    dependencies:
      "@nodelib/fs.stat" "2.0.4"
      "run-parallel" "^1.1.9"
  
  "@nodelib/fs.stat@^2.0.2", "@nodelib/fs.stat@2.0.4":
    "integrity" "sha512-IYlHJA0clt2+Vg7bccq+TzRdJvv19c2INqBSsoOLp1je7xjtr7J26+WXR72MCdvU9q1qTzIWDfhMf+DRvQJK4Q=="
    "resolved" "https://registry.npmjs.org/@nodelib/fs.stat/-/fs.stat-2.0.4.tgz"
    "version" "2.0.4"
  
  "@nodelib/fs.walk@^1.2.3":
    "integrity" "sha512-8Broas6vTtW4GIXTAHDoE32hnN2M5ykgCpWGbuXHQ15vEMqr23pB76e/GZcYsZCHALv50ktd24qhEyKr6wBtow=="
    "resolved" "https://registry.npmjs.org/@nodelib/fs.walk/-/fs.walk-1.2.6.tgz"
    "version" "1.2.6"
    dependencies:
      "@nodelib/fs.scandir" "2.1.4"
      "fastq" "^1.6.0"
  
  "@types/bluebird@*":
    "integrity" "sha512-QMc57Pf067Rr78l6f4FftvuIXPYxu0VYFRKrZk1Clv+LWy7gN2fTBiAiv68askFHEHZcTLPFd01kNlpKOiSPgQ=="
    "resolved" "https://registry.npmjs.org/@types/bluebird/-/bluebird-3.5.34.tgz"
    "version" "3.5.34"
  
  "@types/bson@*":
    "integrity" "sha512-mVRvYnTOZJz3ccpxhr3wgxVmSeiYinW+zlzQz3SXWaJmD1DuL05Jeq7nKw3SnbKmbleW5qrLG5vdyWe/A9sXhw=="
    "resolved" "https://registry.npmjs.org/@types/bson/-/bson-4.0.3.tgz"
    "version" "4.0.3"
    dependencies:
      "@types/node" "*"
  
  "@types/continuation-local-storage@*":
    "integrity" "sha512-4LYeWblV+6puK9tFGM7Zr4OLZkVXmaL7hUK6/wHwbfwM+q7v+HZyBWTXkNOiC9GqOxv7ehhi5TMCbebZWeVYtw=="
    "resolved" "https://registry.npmjs.org/@types/continuation-local-storage/-/continuation-local-storage-3.2.3.tgz"
    "version" "3.2.3"
    dependencies:
      "@types/node" "*"
  
  "@types/json5@^0.0.29":
    "integrity" "sha1-7ihweulOEdK4J7y+UnC86n8+ce4="
    "resolved" "https://registry.npmjs.org/@types/json5/-/json5-0.0.29.tgz"
    "version" "0.0.29"
  
  "@types/lodash@*":
    "integrity" "sha512-oVfRvqHV/V6D1yifJbVRU3TMp8OT6o6BG+U9MkwuJ3U8/CsDHvalRpsxBqivn71ztOFZBTfJMvETbqHiaNSj7Q=="
    "resolved" "https://registry.npmjs.org/@types/lodash/-/lodash-4.14.168.tgz"
    "version" "4.14.168"
  
  "@types/mongodb@*":
    "integrity" "sha512-49aEzQD5VdHPxyd5dRyQdqEveAg9LanwrH8RQipnMuulwzKmODXIZRp0umtxi1eBUfEusRkoy8AVOMr+kVuFog=="
    "resolved" "https://registry.npmjs.org/@types/mongodb/-/mongodb-3.6.12.tgz"
    "version" "3.6.12"
    dependencies:
      "@types/bson" "*"
      "@types/node" "*"
  
  "@types/node@*", "@types/node@^15.0.2":
    "integrity" "sha512-p68+a+KoxpoB47015IeYZYRrdqMUcpbK8re/zpFB8Ld46LHC1lPEbp3EXgkEhAYEcPvjJF6ZO+869SQ0aH1dcA=="
    "resolved" "https://registry.npmjs.org/@types/node/-/node-15.0.2.tgz"
    "version" "15.0.2"
  
  "@types/sequelize@*":
    "integrity" "sha512-QqYgkw/2fEc0FyEQejnxM7cHKB8XBV3Y69k7GSFOToQBOXos0PJVqNpgROXZddXIkl2d6zicYssHuy75ws84sw=="
    "resolved" "https://registry.npmjs.org/@types/sequelize/-/sequelize-4.28.9.tgz"
    "version" "4.28.9"
    dependencies:
      "@types/bluebird" "*"
      "@types/continuation-local-storage" "*"
      "@types/lodash" "*"
      "@types/validator" "*"
  
  "@types/umzug@2.3.0":
    "integrity" "sha512-DUwMKFa+QmApO7I5zhqpc12n9+Mqm006+PTPKrqoZ4F38rk2+iWl8K5IjVvWemERajtkfkiBkHtH/YkOPcBQjA=="
    "resolved" "https://registry.npmjs.org/@types/umzug/-/umzug-2.3.0.tgz"
    "version" "2.3.0"
    dependencies:
      "@types/mongodb" "*"
      "@types/sequelize" "*"
  
  "@types/validator@*":
    "integrity" "sha512-DaOWN1zf7j+8nHhqXhIgNmS+ltAC53NXqGxYuBhWqWgqolRhddKzfZU814lkHQSTG0IUfQxU7Cg0gb8fFWo2mA=="
    "resolved" "https://registry.npmjs.org/@types/validator/-/validator-13.1.3.tgz"
    "version" "13.1.3"
  
  "ansi-colors@4.1.1":
    "integrity" "sha512-JoX0apGbHaUJBNl6yF+p6JAFYZ666/hhCGKN5t9QFjbJQKUU/g8MNbFDbvfrgKXvI1QpZplPOnwIo99lX/AAmA=="
    "resolved" "https://registry.npmjs.org/ansi-colors/-/ansi-colors-4.1.1.tgz"
    "version" "4.1.1"
  
  "ansi-regex@^2.0.0":
    "integrity" "sha1-w7M6te42DYbg5ijwRorn7yfWVN8="
    "resolved" "https://registry.npmjs.org/ansi-regex/-/ansi-regex-2.1.1.tgz"
    "version" "2.1.1"
  
  "ansi-regex@^5.0.0":
    "integrity" "sha512-bY6fj56OUQ0hU1KjFNDQuJFezqKdrAyFdIevADiqrWHwSlbmBNMHp5ak2f40Pm8JTFyM2mqxkG6ngkHO11f/lg=="
    "resolved" "https://registry.npmjs.org/ansi-regex/-/ansi-regex-5.0.0.tgz"
    "version" "5.0.0"
  
  "ansi-styles@^2.2.1":
    "integrity" "sha1-tDLdM1i2NM914eRmQ2gkBTPB3b4="
    "resolved" "https://registry.npmjs.org/ansi-styles/-/ansi-styles-2.2.1.tgz"
    "version" "2.2.1"
  
  "ansi-styles@^4.0.0":
    "integrity" "sha512-zbB9rCJAT1rbjiVDb2hqKFHNYLxgtk8NURxZ3IZwD3F6NtxbXZQCnnSi1Lkx+IDohdPlFp222wVALIheZJQSEg=="
    "resolved" "https://registry.npmjs.org/ansi-styles/-/ansi-styles-4.3.0.tgz"
    "version" "4.3.0"
    dependencies:
      "color-convert" "^2.0.1"
  
  "arr-diff@^4.0.0":
    "integrity" "sha1-1kYQdP6/7HHn4VI1dhoyml3HxSA="
    "resolved" "https://registry.npmjs.org/arr-diff/-/arr-diff-4.0.0.tgz"
    "version" "4.0.0"
  
  "arr-flatten@^1.1.0":
    "integrity" "sha512-L3hKV5R/p5o81R7O02IGnwpDmkp6E982XhtbuwSe3O4qOtMMMtodicASA1Cny2U+aCXcNpml+m4dPsvsJ3jatg=="
    "resolved" "https://registry.npmjs.org/arr-flatten/-/arr-flatten-1.1.0.tgz"
    "version" "1.1.0"
  
  "arr-union@^3.1.0":
    "integrity" "sha1-45sJrqne+Gao8gbiiK9jkZuuOcQ="
    "resolved" "https://registry.npmjs.org/arr-union/-/arr-union-3.1.0.tgz"
    "version" "3.1.0"
  
  "array-each@^1.0.1":
    "integrity" "sha1-p5SvDAWrF1KEbudTofIRoFugxE8="
    "resolved" "https://registry.npmjs.org/array-each/-/array-each-1.0.1.tgz"
    "version" "1.0.1"
  
  "array-slice@^1.0.0":
    "integrity" "sha512-B1qMD3RBP7O8o0H2KbrXDyB0IccejMF15+87Lvlor12ONPRHP6gTjXMNkt/d3ZuOGbAe66hFmaCfECI24Ufp6w=="
    "resolved" "https://registry.npmjs.org/array-slice/-/array-slice-1.1.0.tgz"
    "version" "1.1.0"
  
  "array-union@^2.1.0":
    "integrity" "sha512-HGyxoOTYUyCM6stUe6EJgnd4EoewAI7zMdfqO+kGjnlZmBDz/cR5pf8r/cR4Wq60sL/p0IkcjUEEPwS3GFrIyw=="
    "resolved" "https://registry.npmjs.org/array-union/-/array-union-2.1.0.tgz"
    "version" "2.1.0"
  
  "array-unique@^0.3.2":
    "integrity" "sha1-qJS3XUvE9s1nnvMkSp/Y9Gri1Cg="
    "resolved" "https://registry.npmjs.org/array-unique/-/array-unique-0.3.2.tgz"
    "version" "0.3.2"
  
  "assign-symbols@^1.0.0":
    "integrity" "sha1-WWZ/QfrdTyDMvCu5a41Pf3jsA2c="
    "resolved" "https://registry.npmjs.org/assign-symbols/-/assign-symbols-1.0.0.tgz"
    "version" "1.0.0"
  
  "at-least-node@^1.0.0":
    "integrity" "sha512-+q/t7Ekv1EDY2l6Gda6LLiX14rU9TV20Wa3ofeQmwPFZbOMo9DXrLbOjFaaclkXKWidIaopwAObQDqwWtGUjqg=="
    "resolved" "https://registry.npmjs.org/at-least-node/-/at-least-node-1.0.0.tgz"
    "version" "1.0.0"
  
  "atob@^2.1.2":
    "integrity" "sha512-Wm6ukoaOGJi/73p/cl2GvLjTI5JM1k/O14isD73YML8StrH/7/lRFgmg8nICZgD3bZZvjwCGxtMOD3wWNAu8cg=="
    "resolved" "https://registry.npmjs.org/atob/-/atob-2.1.2.tgz"
    "version" "2.1.2"
  
  "base@^0.11.1":
    "integrity" "sha512-5T6P4xPgpp0YDFvSWwEZ4NoE3aM4QBQXDzmVbraCkFj8zHM+mba8SyqB5DbZWyR7mYHo6Y7BdQo3MoA4m0TeQg=="
    "resolved" "https://registry.npmjs.org/base/-/base-0.11.2.tgz"
    "version" "0.11.2"
    dependencies:
      "cache-base" "^1.0.1"
      "class-utils" "^0.3.5"
      "component-emitter" "^1.2.1"
      "define-property" "^1.0.0"
      "isobject" "^3.0.1"
      "mixin-deep" "^1.2.0"
      "pascalcase" "^0.1.1"
  
  "bluebird@^3.7.2":
    "integrity" "sha512-XpNj6GDQzdfW+r2Wnn7xiSAd7TM3jzkxGXBGTtWKuSXv1xUV+azxAm8jdWZN06QTQk+2N2XB9jRDkvbmQmcRtg=="
    "resolved" "https://registry.npmjs.org/bluebird/-/bluebird-3.7.2.tgz"
    "version" "3.7.2"
  
  "braces@^2.3.1":
    "integrity" "sha512-aNdbnj9P8PjdXU4ybaWLK2IF3jc/EoDYbC7AazW6to3TRsfXxscC9UXOB5iDiEQrkyIbWp2SLQda4+QAa7nc3w=="
    "resolved" "https://registry.npmjs.org/braces/-/braces-2.3.2.tgz"
    "version" "2.3.2"
    dependencies:
      "arr-flatten" "^1.1.0"
      "array-unique" "^0.3.2"
      "extend-shallow" "^2.0.1"
      "fill-range" "^4.0.0"
      "isobject" "^3.0.1"
      "repeat-element" "^1.1.2"
      "snapdragon" "^0.8.1"
      "snapdragon-node" "^2.0.1"
      "split-string" "^3.0.2"
      "to-regex" "^3.0.1"
  
  "braces@^3.0.1":
    "integrity" "sha512-b8um+L1RzM3WDSzvhm6gIz1yfTbBt6YTlcEKAvsmqCZZFw46z626lVj9j1yEPW33H5H+lBQpZMP1k8l+78Ha0A=="
    "resolved" "https://registry.npmjs.org/braces/-/braces-3.0.2.tgz"
    "version" "3.0.2"
    dependencies:
      "fill-range" "^7.0.1"
  
  "buffer-writer@2.0.0":
    "integrity" "sha512-a7ZpuTZU1TRtnwyCNW3I5dc0wWNC3VR9S++Ewyk2HHZdrO3CQJqSpd+95Us590V6AL7JqUAH2IwZ/398PmNFgw=="
    "resolved" "https://registry.npmjs.org/buffer-writer/-/buffer-writer-2.0.0.tgz"
    "version" "2.0.0"
  
  "cache-base@^1.0.1":
    "integrity" "sha512-AKcdTnFSWATd5/GCPRxr2ChwIJ85CeyrEyjRHlKxQ56d4XJMGym0uAiKn0xbLOGOl3+yRpOTi484dVCEc5AUzQ=="
    "resolved" "https://registry.npmjs.org/cache-base/-/cache-base-1.0.1.tgz"
    "version" "1.0.1"
    dependencies:
      "collection-visit" "^1.0.0"
      "component-emitter" "^1.2.1"
      "get-value" "^2.0.6"
      "has-value" "^1.0.0"
      "isobject" "^3.0.1"
      "set-value" "^2.0.0"
      "to-object-path" "^0.3.0"
      "union-value" "^1.0.0"
      "unset-value" "^1.0.0"
  
  "camelcase@^5.0.0":
    "integrity" "sha512-L28STB170nwWS63UjtlEOE3dldQApaJXZkOI1uMFfzf3rRuPegHaHesyee+YxQ+W6SvRDQV6UrdOdRiR153wJg=="
    "resolved" "https://registry.npmjs.org/camelcase/-/camelcase-5.3.1.tgz"
    "version" "5.3.1"
  
  "chalk@^1.1.1":
    "integrity" "sha1-qBFcVeSnAv5NFQq9OHKCKn4J/Jg="
    "resolved" "https://registry.npmjs.org/chalk/-/chalk-1.1.3.tgz"
    "version" "1.1.3"
    dependencies:
      "ansi-styles" "^2.2.1"
      "escape-string-regexp" "^1.0.2"
      "has-ansi" "^2.0.0"
      "strip-ansi" "^3.0.0"
      "supports-color" "^2.0.0"
  
  "class-utils@^0.3.5":
    "integrity" "sha512-qOhPa/Fj7s6TY8H8esGu5QNpMMQxz79h+urzrNYN6mn+9BnxlDGf5QZ+XeCDsxSjPqsSR56XOZOJmpeurnLMeg=="
    "resolved" "https://registry.npmjs.org/class-utils/-/class-utils-0.3.6.tgz"
    "version" "0.3.6"
    dependencies:
      "arr-union" "^3.1.0"
      "define-property" "^0.2.5"
      "isobject" "^3.0.0"
      "static-extend" "^0.1.1"
  
  "cli-table3@0.6.0":
    "integrity" "sha512-gnB85c3MGC7Nm9I/FkiasNBOKjOiO1RNuXXarQms37q4QMpWdlbBgD/VnOStA2faG1dpXMv31RFApjX1/QdgWQ=="
    "resolved" "https://registry.npmjs.org/cli-table3/-/cli-table3-0.6.0.tgz"
    "version" "0.6.0"
    dependencies:
      "object-assign" "^4.1.0"
      "string-width" "^4.2.0"
    optionalDependencies:
      "colors" "^1.1.2"
  
  "cliui@^6.0.0":
    "integrity" "sha512-t6wbgtoCXvAzst7QgXxJYqPt0usEfbgQdftEPbLL/cvv6HPE5VgvqCuAIDR0NgU52ds6rFwqrgakNLrHEjCbrQ=="
    "resolved" "https://registry.npmjs.org/cliui/-/cliui-6.0.0.tgz"
    "version" "6.0.0"
    dependencies:
      "string-width" "^4.2.0"
      "strip-ansi" "^6.0.0"
      "wrap-ansi" "^6.2.0"
  
  "clone@2.1.2":
    "integrity" "sha1-G39Ln1kfHo+DZwQBYANFoCiHQ18="
    "resolved" "https://registry.npmjs.org/clone/-/clone-2.1.2.tgz"
    "version" "2.1.2"
  
  "collection-visit@^1.0.0":
    "integrity" "sha1-S8A3PBZLwykbTTaMgpzxqApZ3KA="
    "resolved" "https://registry.npmjs.org/collection-visit/-/collection-visit-1.0.0.tgz"
    "version" "1.0.0"
    dependencies:
      "map-visit" "^1.0.0"
      "object-visit" "^1.0.0"
  
  "color-convert@^2.0.1":
    "integrity" "sha512-RRECPsj7iu/xb5oKYcsFHSppFNnsj/52OVTRKb4zP5onXwVF3zVmmToNcOfGC+CRDpfK/U584fMg38ZHCaElKQ=="
    "resolved" "https://registry.npmjs.org/color-convert/-/color-convert-2.0.1.tgz"
    "version" "2.0.1"
    dependencies:
      "color-name" "~1.1.4"
  
  "color-name@~1.1.4":
    "integrity" "sha512-dOy+3AuW3a2wNbZHIuMZpTcgjGuLU/uBL/ubcZF9OXbDo8ff4O8yVp5Bf0efS8uEoYo5q4Fx7dY9OgQGXgAsQA=="
    "resolved" "https://registry.npmjs.org/color-name/-/color-name-1.1.4.tgz"
    "version" "1.1.4"
  
  "colorette@1.2.1":
    "integrity" "sha512-puCDz0CzydiSYOrnXpz/PKd69zRrribezjtE9yd4zvytoRc8+RY/KJPvtPFKZS3E3wP6neGyMe0vOTlHO5L3Pw=="
    "resolved" "https://registry.npmjs.org/colorette/-/colorette-1.2.1.tgz"
    "version" "1.2.1"
  
  "colors@^1.1.2":
    "integrity" "sha512-a+UqTh4kgZg/SlGvfbzDHpgRu7AAQOmmqRHJnxhRZICKFUT91brVhNNt58CMWU9PsBbv3PDCZUHbVxuDiH2mtA=="
    "resolved" "https://registry.npmjs.org/colors/-/colors-1.4.0.tgz"
    "version" "1.4.0"
  
  "commander@^6.2.0":
    "integrity" "sha512-U7VdrJFnJgo4xjrHpTzu0yrHPGImdsmD95ZlgYSEajAn2JKzDhDTPG9kBTefmObL2w/ngeZnilk+OV9CG3d7UA=="
    "resolved" "https://registry.npmjs.org/commander/-/commander-6.2.1.tgz"
    "version" "6.2.1"
  
  "component-emitter@^1.2.1":
    "integrity" "sha512-Rd3se6QB+sO1TwqZjscQrurpEPIfO0/yYnSin6Q/rD3mOutHvUrCAhJub3r90uNb+SESBuE0QYoB90YdfatsRg=="
    "resolved" "https://registry.npmjs.org/component-emitter/-/component-emitter-1.3.0.tgz"
    "version" "1.3.0"
  
  "copy-descriptor@^0.1.0":
    "integrity" "sha1-Z29us8OZl8LuGsOpJP1hJHSPV40="
    "resolved" "https://registry.npmjs.org/copy-descriptor/-/copy-descriptor-0.1.1.tgz"
    "version" "0.1.1"
  
  "debug@^2.2.0", "debug@^2.3.3":
    "integrity" "sha512-bC7ElrdJaJnPbAP+1EotYvqZsb3ecl5wi6Bfi6BJTUcNowp6cvspg0jXznRTKDjm/E7AdgFBVeAPVMNcKGsHMA=="
    "resolved" "https://registry.npmjs.org/debug/-/debug-2.6.9.tgz"
    "version" "2.6.9"
    dependencies:
      "ms" "2.0.0"
  
  "debug@4.3.1":
    "integrity" "sha512-doEwdvm4PCeK4K3RQN2ZC2BYUBaxwLARCqZmMjtF8a51J2Rb0xpVloFRnCODwqjpwnAoao4pelN8l3RJdv3gRQ=="
    "resolved" "https://registry.npmjs.org/debug/-/debug-4.3.1.tgz"
    "version" "4.3.1"
    dependencies:
      "ms" "2.1.2"
  
  "decamelize@^1.2.0":
    "integrity" "sha1-9lNNFRSCabIDUue+4m9QH5oZEpA="
    "resolved" "https://registry.npmjs.org/decamelize/-/decamelize-1.2.0.tgz"
    "version" "1.2.0"
  
  "decode-uri-component@^0.2.0":
    "integrity" "sha1-6zkTMzRYd1y4TNGh+uBiEGu4dUU="
    "resolved" "https://registry.npmjs.org/decode-uri-component/-/decode-uri-component-0.2.0.tgz"
    "version" "0.2.0"
  
  "define-property@^0.2.5":
    "integrity" "sha1-w1se+RjsPJkPmlvFe+BKrOxcgRY="
    "resolved" "https://registry.npmjs.org/define-property/-/define-property-0.2.5.tgz"
    "version" "0.2.5"
    dependencies:
      "is-descriptor" "^0.1.0"
  
  "define-property@^1.0.0":
    "integrity" "sha1-dp66rz9KY6rTr56NMEybvnm/sOY="
    "resolved" "https://registry.npmjs.org/define-property/-/define-property-1.0.0.tgz"
    "version" "1.0.0"
    dependencies:
      "is-descriptor" "^1.0.0"
  
  "define-property@^2.0.2":
    "integrity" "sha512-jwK2UV4cnPpbcG7+VRARKTZPUWowwXA8bzH5NP6ud0oeAxyYPuGZUAC7hMugpCdz4BeSZl2Dl9k66CHJ/46ZYQ=="
    "resolved" "https://registry.npmjs.org/define-property/-/define-property-2.0.2.tgz"
    "version" "2.0.2"
    dependencies:
      "is-descriptor" "^1.0.2"
      "isobject" "^3.0.1"
  
  "detect-file@^1.0.0":
    "integrity" "sha1-8NZtA2cqglyxtzvbP+YjEMjlUrc="
    "resolved" "https://registry.npmjs.org/detect-file/-/detect-file-1.0.0.tgz"
    "version" "1.0.0"
  
  "dir-glob@^3.0.1":
    "integrity" "sha512-WkrWp9GR4KXfKGYzOLmTuGVi1UWFfws377n9cc55/tb6DuqyF6pcQ5AbiHEshaDpY9v6oaSr2XCDidGmMwdzIA=="
    "resolved" "https://registry.npmjs.org/dir-glob/-/dir-glob-3.0.1.tgz"
    "version" "3.0.1"
    dependencies:
      "path-type" "^4.0.0"
  
  "dotenv@8.2.0":
    "integrity" "sha512-8sJ78ElpbDJBHNeBzUbUVLsqKdccaa/BXF1uPTw3GrvQTBgrQrtObr2mUrE38vzYd8cEv+m/JBfDLioYcfXoaw=="
    "resolved" "https://registry.npmjs.org/dotenv/-/dotenv-8.2.0.tgz"
    "version" "8.2.0"
  
  "emoji-regex@^8.0.0":
    "integrity" "sha512-MSjYzcWNOA0ewAHpz0MxpYFvwg6yjy1NG3xteoqz644VCo/RPgnr1/GGt+ic3iJTzQ8Eu3TdM14SawnVUmGE6A=="
    "resolved" "https://registry.npmjs.org/emoji-regex/-/emoji-regex-8.0.0.tgz"
    "version" "8.0.0"
  
  "escape-string-regexp@^1.0.2":
    "integrity" "sha1-G2HAViGQqN/2rjuyzwIAyhMLhtQ="
    "resolved" "https://registry.npmjs.org/escape-string-regexp/-/escape-string-regexp-1.0.5.tgz"
    "version" "1.0.5"
  
  "escaya@0.0.61":
    "integrity" "sha512-WLLmvdG72Z0pCq8XUBd03GEJlAiMceXFanjdQeEzeSiuV1ZgrJqbkU7ZEe/hu0OsBlg5wLlySEeOvfzcGoO8mg=="
    "resolved" "https://registry.npmjs.org/escaya/-/escaya-0.0.61.tgz"
    "version" "0.0.61"
  
  "esm@^3.2.25":
    "integrity" "sha512-U1suiZ2oDVWv4zPO56S0NcR5QriEahGtdN2OR6FiOG4WJvcjBVFB0qI4+eKoWFH483PKGuLuu6V8Z4T5g63UVA=="
    "resolved" "https://registry.npmjs.org/esm/-/esm-3.2.25.tgz"
    "version" "3.2.25"
  
  "expand-brackets@^2.1.4":
    "integrity" "sha1-t3c14xXOMPa27/D4OwQVGiJEliI="
    "resolved" "https://registry.npmjs.org/expand-brackets/-/expand-brackets-2.1.4.tgz"
    "version" "2.1.4"
    dependencies:
      "debug" "^2.3.3"
      "define-property" "^0.2.5"
      "extend-shallow" "^2.0.1"
      "posix-character-classes" "^0.1.0"
      "regex-not" "^1.0.0"
      "snapdragon" "^0.8.1"
      "to-regex" "^3.0.1"
  
  "expand-tilde@^2.0.0", "expand-tilde@^2.0.2":
    "integrity" "sha1-l+gBqgUt8CRU3kawK/YhZCzchQI="
    "resolved" "https://registry.npmjs.org/expand-tilde/-/expand-tilde-2.0.2.tgz"
    "version" "2.0.2"
    dependencies:
      "homedir-polyfill" "^1.0.1"
  
  "extend-shallow@^2.0.1":
    "integrity" "sha1-Ua99YUrZqfYQ6huvu5idaxxWiQ8="
    "resolved" "https://registry.npmjs.org/extend-shallow/-/extend-shallow-2.0.1.tgz"
    "version" "2.0.1"
    dependencies:
      "is-extendable" "^0.1.0"
  
  "extend-shallow@^3.0.0":
    "integrity" "sha1-Jqcarwc7OfshJxcnRhMcJwQCjbg="
    "resolved" "https://registry.npmjs.org/extend-shallow/-/extend-shallow-3.0.2.tgz"
    "version" "3.0.2"
    dependencies:
      "assign-symbols" "^1.0.0"
      "is-extendable" "^1.0.1"
  
  "extend-shallow@^3.0.2":
    "integrity" "sha1-Jqcarwc7OfshJxcnRhMcJwQCjbg="
    "resolved" "https://registry.npmjs.org/extend-shallow/-/extend-shallow-3.0.2.tgz"
    "version" "3.0.2"
    dependencies:
      "assign-symbols" "^1.0.0"
      "is-extendable" "^1.0.1"
  
  "extend@^3.0.0":
    "integrity" "sha512-fjquC59cD7CyW6urNXK0FBufkZcoiGG80wTuPujX590cB5Ttln20E2UB4S/WARVqhXffZl2LNgS+gQdPIIim/g=="
    "resolved" "https://registry.npmjs.org/extend/-/extend-3.0.2.tgz"
    "version" "3.0.2"
  
  "extglob@^2.0.4":
    "integrity" "sha512-Nmb6QXkELsuBr24CJSkilo6UHHgbekK5UiZgfE6UHD3Eb27YC6oD+bhcT+tJ6cl8dmsgdQxnWlcry8ksBIBLpw=="
    "resolved" "https://registry.npmjs.org/extglob/-/extglob-2.0.4.tgz"
    "version" "2.0.4"
    dependencies:
      "array-unique" "^0.3.2"
      "define-property" "^1.0.0"
      "expand-brackets" "^2.1.4"
      "extend-shallow" "^2.0.1"
      "fragment-cache" "^0.2.1"
      "regex-not" "^1.0.0"
      "snapdragon" "^0.8.1"
      "to-regex" "^3.0.1"
  
  "fast-glob@^3.1.1":
    "integrity" "sha512-2DtFcgT68wiTTiwZ2hNdJfcHNke9XOfnwmBRWXhmeKM8rF0TGwmC/Qto3S7RoZKp5cilZbxzO5iTNTQsJ+EeDg=="
    "resolved" "https://registry.npmjs.org/fast-glob/-/fast-glob-3.2.5.tgz"
    "version" "3.2.5"
    dependencies:
      "@nodelib/fs.stat" "^2.0.2"
      "@nodelib/fs.walk" "^1.2.3"
      "glob-parent" "^5.1.0"
      "merge2" "^1.3.0"
      "micromatch" "^4.0.2"
      "picomatch" "^2.2.1"
  
  "fastq@^1.6.0":
    "integrity" "sha512-7Eczs8gIPDrVzT+EksYBcupqMyxSHXXrHOLRRxU2/DicV8789MRBRR8+Hc2uWzUupOs4YS4JzBmBxjjCVBxD/g=="
    "resolved" "https://registry.npmjs.org/fastq/-/fastq-1.11.0.tgz"
    "version" "1.11.0"
    dependencies:
      "reusify" "^1.0.4"
  
  "figlet@^1.1.1":
    "integrity" "sha512-ZQJM4aifMpz6H19AW1VqvZ7l4pOE9p7i/3LyxgO2kp+PO/VcDYNqIHEMtkccqIhTXMKci4kjueJr/iCQEaT/Ww=="
    "resolved" "https://registry.npmjs.org/figlet/-/figlet-1.5.0.tgz"
    "version" "1.5.0"
  
  "fill-range@^4.0.0":
    "integrity" "sha1-1USBHUKPmOsGpj3EAtJAPDKMOPc="
    "resolved" "https://registry.npmjs.org/fill-range/-/fill-range-4.0.0.tgz"
    "version" "4.0.0"
    dependencies:
      "extend-shallow" "^2.0.1"
      "is-number" "^3.0.0"
      "repeat-string" "^1.6.1"
      "to-regex-range" "^2.1.0"
  
  "fill-range@^7.0.1":
    "integrity" "sha512-qOo9F+dMUmC2Lcb4BbVvnKJxTPjCm+RRpe4gDuGrzkL7mEVl/djYSu2OdQ2Pa302N4oqkSg9ir6jaLWJ2USVpQ=="
    "resolved" "https://registry.npmjs.org/fill-range/-/fill-range-7.0.1.tgz"
    "version" "7.0.1"
    dependencies:
      "to-regex-range" "^5.0.1"
  
  "find-up@^4.1.0":
    "integrity" "sha512-PpOwAdQ/YlXQ2vj8a3h8IipDuYRi3wceVQQGYWxNINccq40Anw7BlsEXCMbt1Zt+OLA6Fq9suIpIWD0OsnISlw=="
    "resolved" "https://registry.npmjs.org/find-up/-/find-up-4.1.0.tgz"
    "version" "4.1.0"
    dependencies:
      "locate-path" "^5.0.0"
      "path-exists" "^4.0.0"
  
  "findup-sync@^3.0.0":
    "integrity" "sha512-YbffarhcicEhOrm4CtrwdKBdCuz576RLdhJDsIfvNtxUuhdRet1qZcsMjqbePtAseKdAnDyM/IyXbu7PRPRLYg=="
    "resolved" "https://registry.npmjs.org/findup-sync/-/findup-sync-3.0.0.tgz"
    "version" "3.0.0"
    dependencies:
      "detect-file" "^1.0.0"
      "is-glob" "^4.0.0"
      "micromatch" "^3.0.4"
      "resolve-dir" "^1.0.1"
  
  "fined@^1.0.1":
    "integrity" "sha512-ZYDqPLGxDkDhDZBjZBb+oD1+j0rA4E0pXY50eplAAOPg2N/gUBSSk5IM1/QhPfyVo19lJ+CvXpqfvk+b2p/8Ng=="
    "resolved" "https://registry.npmjs.org/fined/-/fined-1.2.0.tgz"
    "version" "1.2.0"
    dependencies:
      "expand-tilde" "^2.0.2"
      "is-plain-object" "^2.0.3"
      "object.defaults" "^1.1.0"
      "object.pick" "^1.2.0"
      "parse-filepath" "^1.0.1"
  
  "flagged-respawn@^1.0.0":
    "integrity" "sha512-lNaHNVymajmk0OJMBn8fVUAU1BtDeKIqKoVhk4xAALB57aALg6b4W0MfJ/cUE0g9YBXy5XhSlPIpYIJ7HaY/3Q=="
    "resolved" "https://registry.npmjs.org/flagged-respawn/-/flagged-respawn-1.0.1.tgz"
    "version" "1.0.1"
  
  "for-in@^1.0.1", "for-in@^1.0.2":
    "integrity" "sha1-gQaNKVqBQuwKxybG4iAMMPttXoA="
    "resolved" "https://registry.npmjs.org/for-in/-/for-in-1.0.2.tgz"
    "version" "1.0.2"
  
  "for-own@^1.0.0":
    "integrity" "sha1-xjMy9BXO3EsE2/5wz4NklMU8tEs="
    "resolved" "https://registry.npmjs.org/for-own/-/for-own-1.0.0.tgz"
    "version" "1.0.0"
    dependencies:
      "for-in" "^1.0.1"
  
  "fragment-cache@^0.2.1":
    "integrity" "sha1-QpD60n8T6Jvn8zeZxrxaCr//DRk="
    "resolved" "https://registry.npmjs.org/fragment-cache/-/fragment-cache-0.2.1.tgz"
    "version" "0.2.1"
    dependencies:
      "map-cache" "^0.2.2"
  
  "fs-extra@9.1.0":
    "integrity" "sha512-hcg3ZmepS30/7BSFqRvoo3DOMQu7IjqxO5nCDt+zM9XWjb33Wg7ziNT+Qvqbuc3+gWpzO02JubVyk2G4Zvo1OQ=="
    "resolved" "https://registry.npmjs.org/fs-extra/-/fs-extra-9.1.0.tgz"
    "version" "9.1.0"
    dependencies:
      "at-least-node" "^1.0.0"
      "graceful-fs" "^4.2.0"
      "jsonfile" "^6.0.1"
      "universalify" "^2.0.0"
  
  "function-bind@^1.1.1":
    "integrity" "sha512-yIovAzMX49sF8Yl58fSCWJ5svSLuaibPxXQJFLmBObTuCr0Mf1KiPopGM9NiFjiYBCbfaa2Fh6breQ6ANVTI0A=="
    "resolved" "https://registry.npmjs.org/function-bind/-/function-bind-1.1.1.tgz"
    "version" "1.1.1"
  
  "get-caller-file@^2.0.1":
    "integrity" "sha512-DyFP3BM/3YHTQOCUL/w0OZHR0lpKeGrxotcHWcqNEdnltqFwXVfhEBQ94eIo34AfQpo0rGki4cyIiftY06h2Fg=="
    "resolved" "https://registry.npmjs.org/get-caller-file/-/get-caller-file-2.0.5.tgz"
    "version" "2.0.5"
  
  "get-value@^2.0.3", "get-value@^2.0.6":
    "integrity" "sha1-3BXKHGcjh8p2vTesCjlbogQqLCg="
    "resolved" "https://registry.npmjs.org/get-value/-/get-value-2.0.6.tgz"
    "version" "2.0.6"
  
  "getopts@2.2.5":
    "integrity" "sha512-9jb7AW5p3in+IiJWhQiZmmwkpLaR/ccTWdWQCtZM66HJcHHLegowh4q4tSD7gouUyeNvFWRavfK9GXosQHDpFA=="
    "resolved" "https://registry.npmjs.org/getopts/-/getopts-2.2.5.tgz"
    "version" "2.2.5"
  
  "glob-parent@^5.1.0":
    "integrity" "sha512-AOIgSQCepiJYwP3ARnGx+5VnTu2HBYdzbGP45eLw1vr3zB3vZLeyed1sC9hnbcOc9/SrMyM5RPQrkGz4aS9Zow=="
    "resolved" "https://registry.npmjs.org/glob-parent/-/glob-parent-5.1.2.tgz"
    "version" "5.1.2"
    dependencies:
      "is-glob" "^4.0.1"
  
  "global-modules@^1.0.0":
    "integrity" "sha512-sKzpEkf11GpOFuw0Zzjzmt4B4UZwjOcG757PPvrfhxcLFbq0wpsgpOqxpxtxFiCG4DtG93M6XRVbF2oGdev7bg=="
    "resolved" "https://registry.npmjs.org/global-modules/-/global-modules-1.0.0.tgz"
    "version" "1.0.0"
    dependencies:
      "global-prefix" "^1.0.1"
      "is-windows" "^1.0.1"
      "resolve-dir" "^1.0.0"
  
  "global-prefix@^1.0.1":
    "integrity" "sha1-2/dDxsFJklk8ZVVoy2btMsASLr4="
    "resolved" "https://registry.npmjs.org/global-prefix/-/global-prefix-1.0.2.tgz"
    "version" "1.0.2"
    dependencies:
      "expand-tilde" "^2.0.2"
      "homedir-polyfill" "^1.0.1"
      "ini" "^1.3.4"
      "is-windows" "^1.0.1"
      "which" "^1.2.14"
  
  "globby@11.0.3":
    "integrity" "sha512-ffdmosjA807y7+lA1NM0jELARVmYul/715xiILEjo3hBLPTcirgQNnXECn5g3mtR8TOLCVbkfua1Hpen25/Xcg=="
    "resolved" "https://registry.npmjs.org/globby/-/globby-11.0.3.tgz"
    "version" "11.0.3"
    dependencies:
      "array-union" "^2.1.0"
      "dir-glob" "^3.0.1"
      "fast-glob" "^3.1.1"
      "ignore" "^5.1.4"
      "merge2" "^1.3.0"
      "slash" "^3.0.0"
  
  "graceful-fs@^4.1.6", "graceful-fs@^4.2.0":
    "integrity" "sha512-nTnJ528pbqxYanhpDYsi4Rd8MAeaBA67+RZ10CM1m3bTAVFEDcd5AuA4a6W5YkGZ1iNXHzZz8T6TBKLeBuNriQ=="
    "resolved" "https://registry.npmjs.org/graceful-fs/-/graceful-fs-4.2.6.tgz"
    "version" "4.2.6"
  
  "has-ansi@^2.0.0":
    "integrity" "sha1-NPUEnOHs3ysGSa8+8k5F7TVBbZE="
    "resolved" "https://registry.npmjs.org/has-ansi/-/has-ansi-2.0.0.tgz"
    "version" "2.0.0"
    dependencies:
      "ansi-regex" "^2.0.0"
  
  "has-value@^0.3.1":
    "integrity" "sha1-ex9YutpiyoJ+wKIHgCVlSEWZXh8="
    "resolved" "https://registry.npmjs.org/has-value/-/has-value-0.3.1.tgz"
    "version" "0.3.1"
    dependencies:
      "get-value" "^2.0.3"
      "has-values" "^0.1.4"
      "isobject" "^2.0.0"
  
  "has-value@^1.0.0":
    "integrity" "sha1-GLKB2lhbHFxR3vJMkw7SmgvmsXc="
    "resolved" "https://registry.npmjs.org/has-value/-/has-value-1.0.0.tgz"
    "version" "1.0.0"
    dependencies:
      "get-value" "^2.0.6"
      "has-values" "^1.0.0"
      "isobject" "^3.0.0"
  
  "has-values@^0.1.4":
    "integrity" "sha1-bWHeldkd/Km5oCCJrThL/49it3E="
    "resolved" "https://registry.npmjs.org/has-values/-/has-values-0.1.4.tgz"
    "version" "0.1.4"
  
  "has-values@^1.0.0":
    "integrity" "sha1-lbC2P+whRmGab+V/51Yo1aOe/k8="
    "resolved" "https://registry.npmjs.org/has-values/-/has-values-1.0.0.tgz"
    "version" "1.0.0"
    dependencies:
      "is-number" "^3.0.0"
      "kind-of" "^4.0.0"
  
  "has@^1.0.3":
    "integrity" "sha512-f2dvO0VU6Oej7RkWJGrehjbzMAjFp5/VKPp5tTpWIV4JHHZK1/BxbFRtf/siA2SWTe09caDmVtYYzWEIbBS4zw=="
    "resolved" "https://registry.npmjs.org/has/-/has-1.0.3.tgz"
    "version" "1.0.3"
    dependencies:
      "function-bind" "^1.1.1"
  
  "homedir-polyfill@^1.0.1":
    "integrity" "sha512-eSmmWE5bZTK2Nou4g0AI3zZ9rswp7GRKoKXS1BLUkvPviOqs4YTN1djQIqrXy9k5gEtdLPy86JjRwsNM9tnDcA=="
    "resolved" "https://registry.npmjs.org/homedir-polyfill/-/homedir-polyfill-1.0.3.tgz"
    "version" "1.0.3"
    dependencies:
      "parse-passwd" "^1.0.0"
  
  "ignore@^5.1.4":
    "integrity" "sha512-BMpfD7PpiETpBl/A6S498BaIJ6Y/ABT93ETbby2fP00v4EbvPBXWEoaR1UBPKs3iR53pJY7EtZk5KACI57i1Uw=="
    "resolved" "https://registry.npmjs.org/ignore/-/ignore-5.1.8.tgz"
    "version" "5.1.8"
  
  "inherits@^2.0.3":
    "integrity" "sha512-k/vGaX4/Yla3WzyMCvTQOXYeIHvqOKtnqBduzTHpzpQZzAskKMhZ2K+EnBiSM9zGSoIFeMpXKxa4dYeZIQqewQ=="
    "resolved" "https://registry.npmjs.org/inherits/-/inherits-2.0.4.tgz"
    "version" "2.0.4"
  
  "ini@^1.3.4":
    "integrity" "sha512-JV/yugV2uzW5iMRSiZAyDtQd+nxtUnjeLt0acNdw98kKLrvuRVyB80tsREOE7yvGVgalhZ6RNXCmEHkUKBKxew=="
    "resolved" "https://registry.npmjs.org/ini/-/ini-1.3.8.tgz"
    "version" "1.3.8"
  
  "interpret@^2.2.0":
    "integrity" "sha512-Ju0Bz/cEia55xDwUWEa8+olFpCiQoypjnQySseKtmjNrnps3P+xfpUmGr90T7yjlVJmOtybRvPXhKMbHr+fWnw=="
    "resolved" "https://registry.npmjs.org/interpret/-/interpret-2.2.0.tgz"
    "version" "2.2.0"
  
  "is-absolute@^1.0.0":
    "integrity" "sha512-dOWoqflvcydARa360Gvv18DZ/gRuHKi2NU/wU5X1ZFzdYfH29nkiNZsF3mp4OJ3H4yo9Mx8A/uAGNzpzPN3yBA=="
    "resolved" "https://registry.npmjs.org/is-absolute/-/is-absolute-1.0.0.tgz"
    "version" "1.0.0"
    dependencies:
      "is-relative" "^1.0.0"
      "is-windows" "^1.0.1"
  
  "is-accessor-descriptor@^0.1.6":
    "integrity" "sha1-qeEss66Nh2cn7u84Q/igiXtcmNY="
    "resolved" "https://registry.npmjs.org/is-accessor-descriptor/-/is-accessor-descriptor-0.1.6.tgz"
    "version" "0.1.6"
    dependencies:
      "kind-of" "^3.0.2"
  
  "is-accessor-descriptor@^1.0.0":
    "integrity" "sha512-m5hnHTkcVsPfqx3AKlyttIPb7J+XykHvJP2B9bZDjlhLIoEq4XoK64Vg7boZlVWYK6LUY94dYPEE7Lh0ZkZKcQ=="
    "resolved" "https://registry.npmjs.org/is-accessor-descriptor/-/is-accessor-descriptor-1.0.0.tgz"
    "version" "1.0.0"
    dependencies:
      "kind-of" "^6.0.0"
  
  "is-buffer@^1.1.5":
    "integrity" "sha512-NcdALwpXkTm5Zvvbk7owOUSvVvBKDgKP5/ewfXEznmQFfs4ZRmanOeKBTjRVjka3QFoN6XJ+9F3USqfHqTaU5w=="
    "resolved" "https://registry.npmjs.org/is-buffer/-/is-buffer-1.1.6.tgz"
    "version" "1.1.6"
  
  "is-core-module@^2.2.0":
    "integrity" "sha512-6A2fkfq1rfeQZjxrZJGerpLCTHRNEBiSgnu0+obeJpEPZRUooHgsizvzv0ZjJwOz3iWIHdJtVWJ/tmPr3D21/A=="
    "resolved" "https://registry.npmjs.org/is-core-module/-/is-core-module-2.4.0.tgz"
    "version" "2.4.0"
    dependencies:
      "has" "^1.0.3"
  
  "is-data-descriptor@^0.1.4":
    "integrity" "sha1-C17mSDiOLIYCgueT8YVv7D8wG1Y="
    "resolved" "https://registry.npmjs.org/is-data-descriptor/-/is-data-descriptor-0.1.4.tgz"
    "version" "0.1.4"
    dependencies:
      "kind-of" "^3.0.2"
  
  "is-data-descriptor@^1.0.0":
    "integrity" "sha512-jbRXy1FmtAoCjQkVmIVYwuuqDFUbaOeDjmed1tOGPrsMhtJA4rD9tkgA0F1qJ3gRFRXcHYVkdeaP50Q5rE/jLQ=="
    "resolved" "https://registry.npmjs.org/is-data-descriptor/-/is-data-descriptor-1.0.0.tgz"
    "version" "1.0.0"
    dependencies:
      "kind-of" "^6.0.0"
  
  "is-descriptor@^0.1.0":
    "integrity" "sha512-avDYr0SB3DwO9zsMov0gKCESFYqCnE4hq/4z3TdUlukEy5t9C0YRq7HLrsN52NAcqXKaepeCD0n+B0arnVG3Hg=="
    "resolved" "https://registry.npmjs.org/is-descriptor/-/is-descriptor-0.1.6.tgz"
    "version" "0.1.6"
    dependencies:
      "is-accessor-descriptor" "^0.1.6"
      "is-data-descriptor" "^0.1.4"
      "kind-of" "^5.0.0"
  
  "is-descriptor@^1.0.0", "is-descriptor@^1.0.2":
    "integrity" "sha512-2eis5WqQGV7peooDyLmNEPUrps9+SXX5c9pL3xEB+4e9HnGuDa7mB7kHxHw4CbqS9k1T2hOH3miL8n8WtiYVtg=="
    "resolved" "https://registry.npmjs.org/is-descriptor/-/is-descriptor-1.0.2.tgz"
    "version" "1.0.2"
    dependencies:
      "is-accessor-descriptor" "^1.0.0"
      "is-data-descriptor" "^1.0.0"
      "kind-of" "^6.0.2"
  
  "is-extendable@^0.1.0", "is-extendable@^0.1.1":
    "integrity" "sha1-YrEQ4omkcUGOPsNqYX1HLjAd/Ik="
    "resolved" "https://registry.npmjs.org/is-extendable/-/is-extendable-0.1.1.tgz"
    "version" "0.1.1"
  
  "is-extendable@^1.0.1":
    "integrity" "sha512-arnXMxT1hhoKo9k1LZdmlNyJdDDfy2v0fXjFlmok4+i8ul/6WlbVge9bhM74OpNPQPMGUToDtz+KXa1PneJxOA=="
    "resolved" "https://registry.npmjs.org/is-extendable/-/is-extendable-1.0.1.tgz"
    "version" "1.0.1"
    dependencies:
      "is-plain-object" "^2.0.4"
  
  "is-extglob@^2.1.1":
    "integrity" "sha1-qIwCU1eR8C7TfHahueqXc8gz+MI="
    "resolved" "https://registry.npmjs.org/is-extglob/-/is-extglob-2.1.1.tgz"
    "version" "2.1.1"
  
  "is-fullwidth-code-point@^3.0.0":
    "integrity" "sha512-zymm5+u+sCsSWyD9qNaejV3DFvhCKclKdizYaJUuHA83RLjb7nSuGnddCHGv0hk+KY7BMAlsWeK4Ueg6EV6XQg=="
    "resolved" "https://registry.npmjs.org/is-fullwidth-code-point/-/is-fullwidth-code-point-3.0.0.tgz"
    "version" "3.0.0"
  
  "is-glob@^4.0.0", "is-glob@^4.0.1":
    "integrity" "sha512-5G0tKtBTFImOqDnLB2hG6Bp2qcKEFduo4tZu9MT/H6NQv/ghhy30o55ufafxJ/LdH79LLs2Kfrn85TLKyA7BUg=="
    "resolved" "https://registry.npmjs.org/is-glob/-/is-glob-4.0.1.tgz"
    "version" "4.0.1"
    dependencies:
      "is-extglob" "^2.1.1"
  
  "is-number@^3.0.0":
    "integrity" "sha1-JP1iAaR4LPUFYcgQJ2r8fRLXEZU="
    "resolved" "https://registry.npmjs.org/is-number/-/is-number-3.0.0.tgz"
    "version" "3.0.0"
    dependencies:
      "kind-of" "^3.0.2"
  
  "is-number@^7.0.0":
    "integrity" "sha512-41Cifkg6e8TylSpdtTpeLVMqvSBEVzTttHvERD741+pnZ8ANv0004MRL43QKPDlK9cGvNp6NZWZUBlbGXYxxng=="
    "resolved" "https://registry.npmjs.org/is-number/-/is-number-7.0.0.tgz"
    "version" "7.0.0"
  
  "is-plain-object@^2.0.3", "is-plain-object@^2.0.4":
    "integrity" "sha512-h5PpgXkWitc38BBMYawTYMWJHFZJVnBquFE57xFpjB8pJFiF6gZ+bU+WyI/yqXiFR5mdLsgYNaPe8uao6Uv9Og=="
    "resolved" "https://registry.npmjs.org/is-plain-object/-/is-plain-object-2.0.4.tgz"
    "version" "2.0.4"
    dependencies:
      "isobject" "^3.0.1"
  
  "is-relative@^1.0.0":
    "integrity" "sha512-Kw/ReK0iqwKeu0MITLFuj0jbPAmEiOsIwyIXvvbfa6QfmN9pkD1M+8pdk7Rl/dTKbH34/XBFMbgD4iMJhLQbGA=="
    "resolved" "https://registry.npmjs.org/is-relative/-/is-relative-1.0.0.tgz"
    "version" "1.0.0"
    dependencies:
      "is-unc-path" "^1.0.0"
  
  "is-unc-path@^1.0.0":
    "integrity" "sha512-mrGpVd0fs7WWLfVsStvgF6iEJnbjDFZh9/emhRDcGWTduTfNHd9CHeUwH3gYIjdbwo4On6hunkztwOaAw0yllQ=="
    "resolved" "https://registry.npmjs.org/is-unc-path/-/is-unc-path-1.0.0.tgz"
    "version" "1.0.0"
    dependencies:
      "unc-path-regex" "^0.1.2"
  
  "is-windows@^1.0.1", "is-windows@^1.0.2":
    "integrity" "sha512-eXK1UInq2bPmjyX6e3VHIzMLobc4J94i4AWn+Hpq3OU5KkrRC96OAcR3PRJ/pGu6m8TRnBHP9dkXQVsT/COVIA=="
    "resolved" "https://registry.npmjs.org/is-windows/-/is-windows-1.0.2.tgz"
    "version" "1.0.2"
  
  "isarray@1.0.0":
    "integrity" "sha1-u5NdSFgsuhaMBoNJV6VKPgcSTxE="
    "resolved" "https://registry.npmjs.org/isarray/-/isarray-1.0.0.tgz"
    "version" "1.0.0"
  
  "isexe@^2.0.0":
    "integrity" "sha1-6PvzdNxVb/iUehDcsFctYz8s+hA="
    "resolved" "https://registry.npmjs.org/isexe/-/isexe-2.0.0.tgz"
    "version" "2.0.0"
  
  "isobject@^2.0.0":
    "integrity" "sha1-8GVWEJaj8dou9GJy+BXIQNh+DIk="
    "resolved" "https://registry.npmjs.org/isobject/-/isobject-2.1.0.tgz"
    "version" "2.1.0"
    dependencies:
      "isarray" "1.0.0"
  
  "isobject@^3.0.0", "isobject@^3.0.1":
    "integrity" "sha1-TkMekrEalzFjaqH5yNHMvP2reN8="
    "resolved" "https://registry.npmjs.org/isobject/-/isobject-3.0.1.tgz"
    "version" "3.0.1"
  
  "json5@^1.0.1":
    "integrity" "sha512-aKS4WQjPenRxiQsC93MNfjx+nbF4PAdYzmd/1JIj8HYzqfbu86beTuNgXDzPknWk0n0uARlyewZo4s++ES36Ow=="
    "resolved" "https://registry.npmjs.org/json5/-/json5-1.0.1.tgz"
    "version" "1.0.1"
    dependencies:
      "minimist" "^1.2.0"
  
  "jsonfile@^6.0.1":
    "integrity" "sha512-5dgndWOriYSm5cnYaJNhalLNDKOqFwyDB/rr1E9ZsGciGvKPs8R2xYGCacuf3z6K1YKDz182fd+fY3cn3pMqXQ=="
    "resolved" "https://registry.npmjs.org/jsonfile/-/jsonfile-6.1.0.tgz"
    "version" "6.1.0"
    dependencies:
      "universalify" "^2.0.0"
    optionalDependencies:
      "graceful-fs" "^4.1.6"
  
  "kind-of@^3.0.2", "kind-of@^3.0.3", "kind-of@^3.2.0":
    "integrity" "sha1-MeohpzS6ubuw8yRm2JOupR5KPGQ="
    "resolved" "https://registry.npmjs.org/kind-of/-/kind-of-3.2.2.tgz"
    "version" "3.2.2"
    dependencies:
      "is-buffer" "^1.1.5"
  
  "kind-of@^4.0.0":
    "integrity" "sha1-IIE989cSkosgc3hpGkUGb65y3Vc="
    "resolved" "https://registry.npmjs.org/kind-of/-/kind-of-4.0.0.tgz"
    "version" "4.0.0"
    dependencies:
      "is-buffer" "^1.1.5"
  
  "kind-of@^5.0.0":
    "integrity" "sha512-NGEErnH6F2vUuXDh+OlbcKW7/wOcfdRHaZ7VWtqCztfHri/++YKmP51OdWeGPuqCOba6kk2OTe5d02VmTB80Pw=="
    "resolved" "https://registry.npmjs.org/kind-of/-/kind-of-5.1.0.tgz"
    "version" "5.1.0"
  
  "kind-of@^6.0.0":
    "integrity" "sha512-dcS1ul+9tmeD95T+x28/ehLgd9mENa3LsvDTtzm3vyBEO7RPptvAD+t44WVXaUjTBRcrpFeFlC8WCruUR456hw=="
    "resolved" "https://registry.npmjs.org/kind-of/-/kind-of-6.0.3.tgz"
    "version" "6.0.3"
  
  "kind-of@^6.0.2":
    "integrity" "sha512-dcS1ul+9tmeD95T+x28/ehLgd9mENa3LsvDTtzm3vyBEO7RPptvAD+t44WVXaUjTBRcrpFeFlC8WCruUR456hw=="
    "resolved" "https://registry.npmjs.org/kind-of/-/kind-of-6.0.3.tgz"
    "version" "6.0.3"
  
  "knex@0.21.19":
    "integrity" "sha512-6etvrq9XI1Ck6mEc/XiXFGVpD1Lmj6v9XWojqZgEbOvyMbW7XRvgZ99yIhN/kaBH+43FEy3xv/AcbRaH+1pJtw=="
    "resolved" "https://registry.npmjs.org/knex/-/knex-0.21.19.tgz"
    "version" "0.21.19"
    dependencies:
      "colorette" "1.2.1"
      "commander" "^6.2.0"
      "debug" "4.3.1"
      "esm" "^3.2.25"
      "getopts" "2.2.5"
      "interpret" "^2.2.0"
      "liftoff" "3.1.0"
      "lodash" "^4.17.20"
      "pg-connection-string" "2.4.0"
      "tarn" "^3.0.1"
      "tildify" "2.0.0"
      "v8flags" "^3.2.0"
  
  "liftoff@3.1.0":
    "integrity" "sha512-DlIPlJUkCV0Ips2zf2pJP0unEoT1kwYhiiPUGF3s/jtxTCjziNLoiVVh+jqWOWeFi6mmwQ5fNxvAUyPad4Dfog=="
    "resolved" "https://registry.npmjs.org/liftoff/-/liftoff-3.1.0.tgz"
    "version" "3.1.0"
    dependencies:
      "extend" "^3.0.0"
      "findup-sync" "^3.0.0"
      "fined" "^1.0.1"
      "flagged-respawn" "^1.0.0"
      "is-plain-object" "^2.0.4"
      "object.map" "^1.0.0"
      "rechoir" "^0.6.2"
      "resolve" "^1.1.7"
  
  "locate-path@^5.0.0":
    "integrity" "sha512-t7hw9pI+WvuwNJXwk5zVHpyhIqzg2qTlklJOf0mVxGSbe3Fp2VieZcduNYjaLDoy6p9uGpQEGWG87WpMKlNq8g=="
    "resolved" "https://registry.npmjs.org/locate-path/-/locate-path-5.0.0.tgz"
    "version" "5.0.0"
    dependencies:
      "p-locate" "^4.1.0"
  
  "lodash@^4.17.20":
    "integrity" "sha512-v2kDEe57lecTulaDIuNTPy3Ry4gLGJ6Z1O3vE1krgXZNrsQ+LFTGHVxVjcXPs17LhbZVGedAJv8XZ1tvj5FvSg=="
    "resolved" "https://registry.npmjs.org/lodash/-/lodash-4.17.21.tgz"
    "version" "4.17.21"
  
  "make-iterator@^1.0.0":
    "integrity" "sha512-pxiuXh0iVEq7VM7KMIhs5gxsfxCux2URptUQaXo4iZZJxBAzTPOLE2BumO5dbfVYq/hBJFBR/a1mFDmOx5AGmw=="
    "resolved" "https://registry.npmjs.org/make-iterator/-/make-iterator-1.0.1.tgz"
    "version" "1.0.1"
    dependencies:
      "kind-of" "^6.0.2"
  
  "map-cache@^0.2.0", "map-cache@^0.2.2":
    "integrity" "sha1-wyq9C9ZSXZsFFkW7TyasXcmKDb8="
    "resolved" "https://registry.npmjs.org/map-cache/-/map-cache-0.2.2.tgz"
    "version" "0.2.2"
  
  "map-visit@^1.0.0":
    "integrity" "sha1-7Nyo8TFE5mDxtb1B8S80edmN+48="
    "resolved" "https://registry.npmjs.org/map-visit/-/map-visit-1.0.0.tgz"
    "version" "1.0.0"
    dependencies:
      "object-visit" "^1.0.0"
  
  "merge2@^1.3.0":
    "integrity" "sha512-8q7VEgMJW4J8tcfVPy8g09NcQwZdbwFEqhe/WZkoIzjn/3TGDwtOCYtXGxA3O8tPzpczCCDgv+P2P5y00ZJOOg=="
    "resolved" "https://registry.npmjs.org/merge2/-/merge2-1.4.1.tgz"
    "version" "1.4.1"
  
  "micromatch@^3.0.4":
    "integrity" "sha512-MWikgl9n9M3w+bpsY3He8L+w9eF9338xRl8IAO5viDizwSzziFEyUzo2xrrloB64ADbTf8uA8vRqqttDTOmccg=="
    "resolved" "https://registry.npmjs.org/micromatch/-/micromatch-3.1.10.tgz"
    "version" "3.1.10"
    dependencies:
      "arr-diff" "^4.0.0"
      "array-unique" "^0.3.2"
      "braces" "^2.3.1"
      "define-property" "^2.0.2"
      "extend-shallow" "^3.0.2"
      "extglob" "^2.0.4"
      "fragment-cache" "^0.2.1"
      "kind-of" "^6.0.2"
      "nanomatch" "^1.2.9"
      "object.pick" "^1.3.0"
      "regex-not" "^1.0.0"
      "snapdragon" "^0.8.1"
      "to-regex" "^3.0.2"
  
  "micromatch@^4.0.2":
    "integrity" "sha512-pRmzw/XUcwXGpD9aI9q/0XOwLNygjETJ8y0ao0wdqprrzDa4YnxLcz7fQRZr8voh8V10kGhABbNcHVk5wHgWwg=="
    "resolved" "https://registry.npmjs.org/micromatch/-/micromatch-4.0.4.tgz"
    "version" "4.0.4"
    dependencies:
      "braces" "^3.0.1"
      "picomatch" "^2.2.3"
  
  "minimist@^1.2.0":
    "integrity" "sha512-FM9nNUYrRBAELZQT3xeZQ7fmMOBg6nWNmJKTcgsJeaLstP/UODVpGsr5OhXhhXg6f+qtJ8uiZ+PUxkDWcgIXLw=="
    "resolved" "https://registry.npmjs.org/minimist/-/minimist-1.2.5.tgz"
    "version" "1.2.5"
  
  "mixin-deep@^1.2.0":
    "integrity" "sha512-WRoDn//mXBiJ1H40rqa3vH0toePwSsGb45iInWlTySa+Uu4k3tYUSxa2v1KqAiLtvlrSzaExqS1gtk96A9zvEA=="
    "resolved" "https://registry.npmjs.org/mixin-deep/-/mixin-deep-1.3.2.tgz"
    "version" "1.3.2"
    dependencies:
      "for-in" "^1.0.2"
      "is-extendable" "^1.0.1"
  
  "ms@2.0.0":
    "integrity" "sha1-VgiurfwAvmwpAd9fmGF4jeDVl8g="
    "resolved" "https://registry.npmjs.org/ms/-/ms-2.0.0.tgz"
    "version" "2.0.0"
  
  "ms@2.1.2":
    "integrity" "sha512-sGkPx+VjMtmA6MX27oA4FBFELFCZZ4S4XqeGOXCv68tT+jb3vk/RyaKWP0PTKyWtmLSM0b+adUTEvbs1PEaH2w=="
    "resolved" "https://registry.npmjs.org/ms/-/ms-2.1.2.tgz"
    "version" "2.1.2"
  
  "nanomatch@^1.2.9":
    "integrity" "sha512-fpoe2T0RbHwBTBUOftAfBPaDEi06ufaUai0mE6Yn1kacc3SnTErfb/h+X94VXzI64rKFHYImXSvdwGGCmwOqCA=="
    "resolved" "https://registry.npmjs.org/nanomatch/-/nanomatch-1.2.13.tgz"
    "version" "1.2.13"
    dependencies:
      "arr-diff" "^4.0.0"
      "array-unique" "^0.3.2"
      "define-property" "^2.0.2"
      "extend-shallow" "^3.0.2"
      "fragment-cache" "^0.2.1"
      "is-windows" "^1.0.2"
      "kind-of" "^6.0.2"
      "object.pick" "^1.3.0"
      "regex-not" "^1.0.0"
      "snapdragon" "^0.8.1"
      "to-regex" "^3.0.1"
  
  "object-assign@^4.1.0":
    "integrity" "sha1-IQmtx5ZYh8/AXLvUQsrIv7s2CGM="
    "resolved" "https://registry.npmjs.org/object-assign/-/object-assign-4.1.1.tgz"
    "version" "4.1.1"
  
  "object-copy@^0.1.0":
    "integrity" "sha1-fn2Fi3gb18mRpBupde04EnVOmYw="
    "resolved" "https://registry.npmjs.org/object-copy/-/object-copy-0.1.0.tgz"
    "version" "0.1.0"
    dependencies:
      "copy-descriptor" "^0.1.0"
      "define-property" "^0.2.5"
      "kind-of" "^3.0.3"
  
  "object-visit@^1.0.0":
    "integrity" "sha1-95xEk68MU3e1n+OdOV5BBC3QRbs="
    "resolved" "https://registry.npmjs.org/object-visit/-/object-visit-1.0.1.tgz"
    "version" "1.0.1"
    dependencies:
      "isobject" "^3.0.0"
  
  "object.defaults@^1.1.0":
    "integrity" "sha1-On+GgzS0B96gbaFtiNXNKeQ1/s8="
    "resolved" "https://registry.npmjs.org/object.defaults/-/object.defaults-1.1.0.tgz"
    "version" "1.1.0"
    dependencies:
      "array-each" "^1.0.1"
      "array-slice" "^1.0.0"
      "for-own" "^1.0.0"
      "isobject" "^3.0.0"
  
  "object.map@^1.0.0":
    "integrity" "sha1-z4Plncj8wK1fQlDh94s7gb2AHTc="
    "resolved" "https://registry.npmjs.org/object.map/-/object.map-1.0.1.tgz"
    "version" "1.0.1"
    dependencies:
      "for-own" "^1.0.0"
      "make-iterator" "^1.0.0"
  
  "object.pick@^1.2.0", "object.pick@^1.3.0":
    "integrity" "sha1-h6EKxMFpS9Lhy/U1kaZhQftd10c="
    "resolved" "https://registry.npmjs.org/object.pick/-/object.pick-1.3.0.tgz"
    "version" "1.3.0"
    dependencies:
      "isobject" "^3.0.1"
  
  "p-limit@^2.2.0":
    "integrity" "sha512-//88mFWSJx8lxCzwdAABTJL2MyWB12+eIY7MDL2SqLmAkeKU9qxRvWuSyTjm3FUmpBEMuFfckAIqEaVGUDxb6w=="
    "resolved" "https://registry.npmjs.org/p-limit/-/p-limit-2.3.0.tgz"
    "version" "2.3.0"
    dependencies:
      "p-try" "^2.0.0"
  
  "p-locate@^4.1.0":
    "integrity" "sha512-R79ZZ/0wAxKGu3oYMlz8jy/kbhsNrS7SKZ7PxEHBgJ5+F2mtFW2fK2cOtBh1cHYkQsbzFV7I+EoRKe6Yt0oK7A=="
    "resolved" "https://registry.npmjs.org/p-locate/-/p-locate-4.1.0.tgz"
    "version" "4.1.0"
    dependencies:
      "p-limit" "^2.2.0"
  
  "p-try@^2.0.0":
    "integrity" "sha512-R4nPAVTAU0B9D35/Gk3uJf/7XYbQcyohSKdvAxIRSNghFl4e71hVoGnBNQz9cWaXxO2I10KTC+3jMdvvoKw6dQ=="
    "resolved" "https://registry.npmjs.org/p-try/-/p-try-2.2.0.tgz"
    "version" "2.2.0"
  
  "packet-reader@1.0.0":
    "integrity" "sha512-HAKu/fG3HpHFO0AA8WE8q2g+gBJaZ9MG7fcKk+IJPLTGAD6Psw4443l+9DGRbOIh3/aXr7Phy0TjilYivJo5XQ=="
    "resolved" "https://registry.npmjs.org/packet-reader/-/packet-reader-1.0.0.tgz"
    "version" "1.0.0"
  
  "parent-require@^1.0.0":
    "integrity" "sha1-dGoWdjgIOoYLDu9nMssn7UbDKXc="
    "resolved" "https://registry.npmjs.org/parent-require/-/parent-require-1.0.0.tgz"
    "version" "1.0.0"
  
  "parse-filepath@^1.0.1":
    "integrity" "sha1-pjISf1Oq89FYdvWHLz/6x2PWyJE="
    "resolved" "https://registry.npmjs.org/parse-filepath/-/parse-filepath-1.0.2.tgz"
    "version" "1.0.2"
    dependencies:
      "is-absolute" "^1.0.0"
      "map-cache" "^0.2.0"
      "path-root" "^0.1.1"
  
  "parse-passwd@^1.0.0":
    "integrity" "sha1-bVuTSkVpk7I9N/QKOC1vFmao5cY="
    "resolved" "https://registry.npmjs.org/parse-passwd/-/parse-passwd-1.0.0.tgz"
    "version" "1.0.0"
  
  "pascalcase@^0.1.1":
    "integrity" "sha1-s2PlXoAGym/iF4TS2yK9FdeRfxQ="
    "resolved" "https://registry.npmjs.org/pascalcase/-/pascalcase-0.1.1.tgz"
    "version" "0.1.1"
  
  "path-exists@^4.0.0":
    "integrity" "sha512-ak9Qy5Q7jYb2Wwcey5Fpvg2KoAc/ZIhLSLOSBmRmygPsGwkVVt0fZa0qrtMz+m6tJTAHfZQ8FnmB4MG4LWy7/w=="
    "resolved" "https://registry.npmjs.org/path-exists/-/path-exists-4.0.0.tgz"
    "version" "4.0.0"
  
  "path-parse@^1.0.6":
    "integrity" "sha512-GSmOT2EbHrINBf9SR7CDELwlJ8AENk3Qn7OikK4nFYAu3Ote2+JYNVvkpAEQm3/TLNEJFD/xZJjzyxg3KBWOzw=="
    "resolved" "https://registry.npmjs.org/path-parse/-/path-parse-1.0.6.tgz"
    "version" "1.0.6"
  
  "path-root-regex@^0.1.0":
    "integrity" "sha1-v8zcjfWxLcUsi0PsONGNcsBLqW0="
    "resolved" "https://registry.npmjs.org/path-root-regex/-/path-root-regex-0.1.2.tgz"
    "version" "0.1.2"
  
  "path-root@^0.1.1":
    "integrity" "sha1-mkpoFMrBwM1zNgqV8yCDyOpHRbc="
    "resolved" "https://registry.npmjs.org/path-root/-/path-root-0.1.1.tgz"
    "version" "0.1.1"
    dependencies:
      "path-root-regex" "^0.1.0"
  
  "path-type@^4.0.0":
    "integrity" "sha512-gDKb8aZMDeD/tZWs9P6+q0J9Mwkdl6xMV8TjnGP3qJVJ06bdMgkbBlLU8IdfOsIsFz2BW1rNVT3XuNEl8zPAvw=="
    "resolved" "https://registry.npmjs.org/path-type/-/path-type-4.0.0.tgz"
    "version" "4.0.0"
  
  "pg-connection-string@^2.5.0":
    "integrity" "sha512-r5o/V/ORTA6TmUnyWZR9nCj1klXCO2CEKNRlVuJptZe85QuhFayC7WeMic7ndayT5IRIR0S0xFxFi2ousartlQ=="
    "resolved" "https://registry.npmjs.org/pg-connection-string/-/pg-connection-string-2.5.0.tgz"
    "version" "2.5.0"
  
  "pg-connection-string@2.4.0":
    "integrity" "sha512-3iBXuv7XKvxeMrIgym7njT+HlZkwZqqGX4Bu9cci8xHZNT+Um1gWKqCsAzcC0d95rcKMU5WBg6YRUcHyV0HZKQ=="
    "resolved" "https://registry.npmjs.org/pg-connection-string/-/pg-connection-string-2.4.0.tgz"
    "version" "2.4.0"
  
  "pg-int8@1.0.1":
    "integrity" "sha512-WCtabS6t3c8SkpDBUlb1kjOs7l66xsGdKpIPZsg4wR+B3+u9UAum2odSsF9tnvxg80h4ZxLWMy4pRjOsFIqQpw=="
    "resolved" "https://registry.npmjs.org/pg-int8/-/pg-int8-1.0.1.tgz"
    "version" "1.0.1"
  
  "pg-pool@^3.3.0":
    "integrity" "sha512-0O5huCql8/D6PIRFAlmccjphLYWC+JIzvUhSzXSpGaf+tjTZc4nn+Lr7mLXBbFJfvwbP0ywDv73EiaBsxn7zdg=="
    "resolved" "https://registry.npmjs.org/pg-pool/-/pg-pool-3.3.0.tgz"
    "version" "3.3.0"
  
  "pg-protocol@^1.5.0":
    "integrity" "sha512-muRttij7H8TqRNu/DxrAJQITO4Ac7RmX3Klyr/9mJEOBeIpgnF8f9jAfRz5d3XwQZl5qBjF9gLsUtMPJE0vezQ=="
    "resolved" "https://registry.npmjs.org/pg-protocol/-/pg-protocol-1.5.0.tgz"
    "version" "1.5.0"
  
  "pg-types@^2.1.0":
    "integrity" "sha512-qTAAlrEsl8s4OiEQY69wDvcMIdQN6wdz5ojQiOy6YRMuynxenON0O5oCpJI6lshc6scgAY8qvJ2On/p+CXY0GA=="
    "resolved" "https://registry.npmjs.org/pg-types/-/pg-types-2.2.0.tgz"
    "version" "2.2.0"
    dependencies:
      "pg-int8" "1.0.1"
      "postgres-array" "~2.0.0"
      "postgres-bytea" "~1.0.0"
      "postgres-date" "~1.0.4"
      "postgres-interval" "^1.1.0"
  
  "pg@^8.0.3", "pg@^8.3.0", "pg@^8.6.0", "pg@>=8.0", "pg@8.6.0":
    "integrity" "sha512-qNS9u61lqljTDFvmk/N66EeGq3n6Ujzj0FFyNMGQr6XuEv4tgNTXvJQTfJdcvGit5p5/DWPu+wj920hAJFI+QQ=="
    "resolved" "https://registry.npmjs.org/pg/-/pg-8.6.0.tgz"
    "version" "8.6.0"
    dependencies:
      "buffer-writer" "2.0.0"
      "packet-reader" "1.0.0"
      "pg-connection-string" "^2.5.0"
      "pg-pool" "^3.3.0"
      "pg-protocol" "^1.5.0"
      "pg-types" "^2.1.0"
      "pgpass" "1.x"
  
  "pgpass@1.x":
    "integrity" "sha512-YmuA56alyBq7M59vxVBfPJrGSozru8QAdoNlWuW3cz8l+UX3cWge0vTvjKhsSHSJpo3Bom8/Mm6hf0TR5GY0+w=="
    "resolved" "https://registry.npmjs.org/pgpass/-/pgpass-1.0.4.tgz"
    "version" "1.0.4"
    dependencies:
      "split2" "^3.1.1"
  
  "picomatch@^2.2.1", "picomatch@^2.2.3":
    "integrity" "sha512-KpELjfwcCDUb9PeigTs2mBJzXUPzAuP2oPcA989He8Rte0+YUAjw1JVedDhuTKPkHjSYzMN3npC9luThGYEKdg=="
    "resolved" "https://registry.npmjs.org/picomatch/-/picomatch-2.2.3.tgz"
    "version" "2.2.3"
  
  "posix-character-classes@^0.1.0":
    "integrity" "sha1-AerA/jta9xoqbAL+q7jB/vfgDqs="
    "resolved" "https://registry.npmjs.org/posix-character-classes/-/posix-character-classes-0.1.1.tgz"
    "version" "0.1.1"
  
  "postgres-array@~2.0.0":
    "integrity" "sha512-VpZrUqU5A69eQyW2c5CA1jtLecCsN2U/bD6VilrFDWq5+5UIEVO7nazS3TEcHf1zuPYO/sqGvUvW62g86RXZuA=="
    "resolved" "https://registry.npmjs.org/postgres-array/-/postgres-array-2.0.0.tgz"
    "version" "2.0.0"
  
  "postgres-bytea@~1.0.0":
    "integrity" "sha1-AntTPAqokOJtFy1Hz5zOzFIazTU="
    "resolved" "https://registry.npmjs.org/postgres-bytea/-/postgres-bytea-1.0.0.tgz"
    "version" "1.0.0"
  
  "postgres-date@~1.0.4":
    "integrity" "sha512-suDmjLVQg78nMK2UZ454hAG+OAW+HQPZ6n++TNDUX+L0+uUlLywnoxJKDou51Zm+zTCjrCl0Nq6J9C5hP9vK/Q=="
    "resolved" "https://registry.npmjs.org/postgres-date/-/postgres-date-1.0.7.tgz"
    "version" "1.0.7"
  
  "postgres-interval@^1.1.0":
    "integrity" "sha512-9ZhXKM/rw350N1ovuWHbGxnGh/SNJ4cnxHiM0rxE4VN41wsg8P8zWn9hv/buK00RP4WvlOyr/RBDiptyxVbkZQ=="
    "resolved" "https://registry.npmjs.org/postgres-interval/-/postgres-interval-1.2.0.tgz"
    "version" "1.2.0"
    dependencies:
      "xtend" "^4.0.0"
  
  "queue-microtask@^1.2.2":
    "integrity" "sha512-NuaNSa6flKT5JaSYQzJok04JzTL1CA6aGhv5rfLW3PgqA+M2ChpZQnAC8h8i4ZFkBS8X5RqkDBHA7r4hej3K9A=="
    "resolved" "https://registry.npmjs.org/queue-microtask/-/queue-microtask-1.2.3.tgz"
    "version" "1.2.3"
  
  "readable-stream@^3.0.0":
    "integrity" "sha512-BViHy7LKeTz4oNnkcLJ+lVSL6vpiFeX6/d3oSH8zCW7UxP2onchk+vTGB143xuFjHS3deTgkKoXXymXqymiIdA=="
    "resolved" "https://registry.npmjs.org/readable-stream/-/readable-stream-3.6.0.tgz"
    "version" "3.6.0"
    dependencies:
      "inherits" "^2.0.3"
      "string_decoder" "^1.1.1"
      "util-deprecate" "^1.0.1"
  
  "rechoir@^0.6.2":
    "integrity" "sha1-hSBLVNuoLVdC4oyWdW70OvUOM4Q="
    "resolved" "https://registry.npmjs.org/rechoir/-/rechoir-0.6.2.tgz"
    "version" "0.6.2"
    dependencies:
      "resolve" "^1.1.6"
  
  "reflect-metadata@0.1.13":
    "integrity" "sha512-Ts1Y/anZELhSsjMcU605fU9RE4Oi3p5ORujwbIKXfWa+0Zxs510Qrmrce5/Jowq3cHSZSJqBjypxmHarc+vEWg=="
    "resolved" "https://registry.npmjs.org/reflect-metadata/-/reflect-metadata-0.1.13.tgz"
    "version" "0.1.13"
  
  "regex-not@^1.0.0", "regex-not@^1.0.2":
    "integrity" "sha512-J6SDjUgDxQj5NusnOtdFxDwN/+HWykR8GELwctJ7mdqhcyy1xEc4SRFHUXvxTp661YaVKAjfRLZ9cCqS6tn32A=="
    "resolved" "https://registry.npmjs.org/regex-not/-/regex-not-1.0.2.tgz"
    "version" "1.0.2"
    dependencies:
      "extend-shallow" "^3.0.2"
      "safe-regex" "^1.1.0"
  
  "repeat-element@^1.1.2":
    "integrity" "sha512-LFiNfRcSu7KK3evMyYOuCzv3L10TW7yC1G2/+StMjK8Y6Vqd2MG7r/Qjw4ghtuCOjFvlnms/iMmLqpvW/ES/WQ=="
    "resolved" "https://registry.npmjs.org/repeat-element/-/repeat-element-1.1.4.tgz"
    "version" "1.1.4"
  
  "repeat-string@^1.6.1":
    "integrity" "sha1-jcrkcOHIirwtYA//Sndihtp15jc="
    "resolved" "https://registry.npmjs.org/repeat-string/-/repeat-string-1.6.1.tgz"
    "version" "1.6.1"
  
  "require-directory@^2.1.1":
    "integrity" "sha1-jGStX9MNqxyXbiNE/+f3kqam30I="
    "resolved" "https://registry.npmjs.org/require-directory/-/require-directory-2.1.1.tgz"
    "version" "2.1.1"
  
  "require-main-filename@^2.0.0":
    "integrity" "sha512-NKN5kMDylKuldxYLSUfrbo5Tuzh4hd+2E8NPPX02mZtn1VuREQToYe/ZdlJy+J3uCpfaiGF05e7B8W0iXbQHmg=="
    "resolved" "https://registry.npmjs.org/require-main-filename/-/require-main-filename-2.0.0.tgz"
    "version" "2.0.0"
  
  "resolve-dir@^1.0.0", "resolve-dir@^1.0.1":
    "integrity" "sha1-eaQGRMNivoLybv/nOcm7U4IEb0M="
    "resolved" "https://registry.npmjs.org/resolve-dir/-/resolve-dir-1.0.1.tgz"
    "version" "1.0.1"
    dependencies:
      "expand-tilde" "^2.0.0"
      "global-modules" "^1.0.0"
  
  "resolve-url@^0.2.1":
    "integrity" "sha1-LGN/53yJOv0qZj/iGqkIAGjiBSo="
    "resolved" "https://registry.npmjs.org/resolve-url/-/resolve-url-0.2.1.tgz"
    "version" "0.2.1"
  
  "resolve@^1.1.6", "resolve@^1.1.7":
    "integrity" "sha512-wENBPt4ySzg4ybFQW2TT1zMQucPK95HSh/nq2CFTZVOGut2+pQvSsgtda4d26YrYcr067wjbmzOG8byDPBX63A=="
    "resolved" "https://registry.npmjs.org/resolve/-/resolve-1.20.0.tgz"
    "version" "1.20.0"
    dependencies:
      "is-core-module" "^2.2.0"
      "path-parse" "^1.0.6"
  
  "ret@~0.1.10":
    "integrity" "sha512-TTlYpa+OL+vMMNG24xSlQGEJ3B/RzEfUlLct7b5G/ytav+wPrplCpVMFuwzXbkecJrb6IYo1iFb0S9v37754mg=="
    "resolved" "https://registry.npmjs.org/ret/-/ret-0.1.15.tgz"
    "version" "0.1.15"
  
  "reusify@^1.0.4":
    "integrity" "sha512-U9nH88a3fc/ekCF1l0/UP1IosiuIjyTh7hBvXVMHYgVcfGvt897Xguj2UOLDeI5BG2m7/uwyaLVT6fbtCwTyzw=="
    "resolved" "https://registry.npmjs.org/reusify/-/reusify-1.0.4.tgz"
    "version" "1.0.4"
  
  "run-parallel@^1.1.9":
    "integrity" "sha512-5l4VyZR86LZ/lDxZTR6jqL8AFE2S0IFLMP26AbjsLVADxHdhB/c0GUsH+y39UfCi3dzz8OlQuPmnaJOMoDHQBA=="
    "resolved" "https://registry.npmjs.org/run-parallel/-/run-parallel-1.2.0.tgz"
    "version" "1.2.0"
    dependencies:
      "queue-microtask" "^1.2.2"
  
  "safe-buffer@~5.2.0":
    "integrity" "sha512-rp3So07KcdmmKbGvgaNxQSJr7bGVSVk5S9Eq1F+ppbRo70+YeaDxkw5Dd8NPN+GD6bjnYm2VuPuCXmpuYvmCXQ=="
    "resolved" "https://registry.npmjs.org/safe-buffer/-/safe-buffer-5.2.1.tgz"
    "version" "5.2.1"
  
  "safe-regex@^1.1.0":
    "integrity" "sha1-QKNmnzsHfR6UPURinhV91IAjvy4="
    "resolved" "https://registry.npmjs.org/safe-regex/-/safe-regex-1.1.0.tgz"
    "version" "1.1.0"
    dependencies:
      "ret" "~0.1.10"
  
  "set-blocking@^2.0.0":
    "integrity" "sha1-BF+XgtARrppoA93TgrJDkrPYkPc="
    "resolved" "https://registry.npmjs.org/set-blocking/-/set-blocking-2.0.0.tgz"
    "version" "2.0.0"
  
  "set-value@^2.0.0", "set-value@^2.0.1":
    "integrity" "sha512-JxHc1weCN68wRY0fhCoXpyK55m/XPHafOmK4UWD7m2CI14GMcFypt4w/0+NV5f/ZMby2F6S2wwA7fgynh9gWSw=="
    "resolved" "https://registry.npmjs.org/set-value/-/set-value-2.0.1.tgz"
    "version" "2.0.1"
    dependencies:
      "extend-shallow" "^2.0.1"
      "is-extendable" "^0.1.1"
      "is-plain-object" "^2.0.3"
      "split-string" "^3.0.1"
  
  "slash@^3.0.0":
    "integrity" "sha512-g9Q1haeby36OSStwb4ntCGGGaKsaVSjQ68fBxoQcutl5fS1vuY18H3wSt3jFyFtrkx+Kz0V1G85A4MyAdDMi2Q=="
    "resolved" "https://registry.npmjs.org/slash/-/slash-3.0.0.tgz"
    "version" "3.0.0"
  
  "snapdragon-node@^2.0.1":
    "integrity" "sha512-O27l4xaMYt/RSQ5TR3vpWCAB5Kb/czIcqUFOM/C4fYcLnbZUc1PkjTAMjof2pBWaSTwOUd6qUHcFGVGj7aIwnw=="
    "resolved" "https://registry.npmjs.org/snapdragon-node/-/snapdragon-node-2.1.1.tgz"
    "version" "2.1.1"
    dependencies:
      "define-property" "^1.0.0"
      "isobject" "^3.0.0"
      "snapdragon-util" "^3.0.1"
  
  "snapdragon-util@^3.0.1":
    "integrity" "sha512-mbKkMdQKsjX4BAL4bRYTj21edOf8cN7XHdYUJEe+Zn99hVEYcMvKPct1IqNe7+AZPirn8BCDOQBHQZknqmKlZQ=="
    "resolved" "https://registry.npmjs.org/snapdragon-util/-/snapdragon-util-3.0.1.tgz"
    "version" "3.0.1"
    dependencies:
      "kind-of" "^3.2.0"
  
  "snapdragon@^0.8.1":
    "integrity" "sha512-FtyOnWN/wCHTVXOMwvSv26d+ko5vWlIDD6zoUJ7LW8vh+ZBC8QdljveRP+crNrtBwioEUWy/4dMtbBjA4ioNlg=="
    "resolved" "https://registry.npmjs.org/snapdragon/-/snapdragon-0.8.2.tgz"
    "version" "0.8.2"
    dependencies:
      "base" "^0.11.1"
      "debug" "^2.2.0"
      "define-property" "^0.2.5"
      "extend-shallow" "^2.0.1"
      "map-cache" "^0.2.2"
      "source-map" "^0.5.6"
      "source-map-resolve" "^0.5.0"
      "use" "^3.1.0"
  
  "source-map-resolve@^0.5.0":
    "integrity" "sha512-Htz+RnsXWk5+P2slx5Jh3Q66vhQj1Cllm0zvnaY98+NFx+Dv2CF/f5O/t8x+KaNdrdIAsruNzoh/KpialbqAnw=="
    "resolved" "https://registry.npmjs.org/source-map-resolve/-/source-map-resolve-0.5.3.tgz"
    "version" "0.5.3"
    dependencies:
      "atob" "^2.1.2"
      "decode-uri-component" "^0.2.0"
      "resolve-url" "^0.2.1"
      "source-map-url" "^0.4.0"
      "urix" "^0.1.0"
  
  "source-map-url@^0.4.0":
    "integrity" "sha512-cPiFOTLUKvJFIg4SKVScy4ilPPW6rFgMgfuZJPNoDuMs3nC1HbMUycBoJw77xFIp6z1UJQJOfx6C9GMH80DiTw=="
    "resolved" "https://registry.npmjs.org/source-map-url/-/source-map-url-0.4.1.tgz"
    "version" "0.4.1"
  
  "source-map@^0.5.6":
    "integrity" "sha1-igOdLRAh0i0eoUyA2OpGi6LvP8w="
    "resolved" "https://registry.npmjs.org/source-map/-/source-map-0.5.7.tgz"
    "version" "0.5.7"
  
  "split-string@^3.0.1", "split-string@^3.0.2":
    "integrity" "sha512-NzNVhJDYpwceVVii8/Hu6DKfD2G+NrQHlS/V/qgv763EYudVwEcMQNxd2lh+0VrUByXN/oJkl5grOhYWvQUYiw=="
    "resolved" "https://registry.npmjs.org/split-string/-/split-string-3.1.0.tgz"
    "version" "3.1.0"
    dependencies:
      "extend-shallow" "^3.0.0"
  
  "split2@^3.1.1":
    "integrity" "sha512-9NThjpgZnifTkJpzTZ7Eue85S49QwpNhZTq6GRJwObb6jnLFNGB7Qm73V5HewTROPyxD0C29xqmaI68bQtV+hg=="
    "resolved" "https://registry.npmjs.org/split2/-/split2-3.2.2.tgz"
    "version" "3.2.2"
    dependencies:
      "readable-stream" "^3.0.0"
  
  "sqlstring@2.3.2":
    "integrity" "sha512-vF4ZbYdKS8OnoJAWBmMxCQDkiEBkGQYU7UZPtL8flbDRSNkhaXvRJ279ZtI6M+zDaQovVU4tuRgzK5fVhvFAhg=="
    "resolved" "https://registry.npmjs.org/sqlstring/-/sqlstring-2.3.2.tgz"
    "version" "2.3.2"
  
  "static-extend@^0.1.1":
    "integrity" "sha1-YICcOcv/VTNyJv1eC1IPNB8ftcY="
    "resolved" "https://registry.npmjs.org/static-extend/-/static-extend-0.1.2.tgz"
    "version" "0.1.2"
    dependencies:
      "define-property" "^0.2.5"
      "object-copy" "^0.1.0"
  
  "string_decoder@^1.1.1":
    "integrity" "sha512-hkRX8U1WjJFd8LsDJ2yQ/wWWxaopEsABU1XfkM8A+j0+85JAGppt16cr1Whg6KIbb4okU6Mql6BOj+uup/wKeA=="
    "resolved" "https://registry.npmjs.org/string_decoder/-/string_decoder-1.3.0.tgz"
    "version" "1.3.0"
    dependencies:
      "safe-buffer" "~5.2.0"
  
  "string-width@^4.1.0", "string-width@^4.2.0":
    "integrity" "sha512-XBJbT3N4JhVumXE0eoLU9DCjcaF92KLNqTmFCnG1pf8duUxFGwtP6AD6nkjw9a3IdiRtL3E2w3JDiE/xi3vOeA=="
    "resolved" "https://registry.npmjs.org/string-width/-/string-width-4.2.2.tgz"
    "version" "4.2.2"
    dependencies:
      "emoji-regex" "^8.0.0"
      "is-fullwidth-code-point" "^3.0.0"
      "strip-ansi" "^6.0.0"
  
  "strip-ansi@^3.0.0":
    "integrity" "sha1-ajhfuIU9lS1f8F0Oiq+UJ43GPc8="
    "resolved" "https://registry.npmjs.org/strip-ansi/-/strip-ansi-3.0.1.tgz"
    "version" "3.0.1"
    dependencies:
      "ansi-regex" "^2.0.0"
  
  "strip-ansi@^6.0.0":
    "integrity" "sha512-AuvKTrTfQNYNIctbR1K/YGTR1756GycPsg7b9bdV9Duqur4gv6aKqHXah67Z8ImS7WEz5QVcOtlfW2rZEugt6w=="
    "resolved" "https://registry.npmjs.org/strip-ansi/-/strip-ansi-6.0.0.tgz"
    "version" "6.0.0"
    dependencies:
      "ansi-regex" "^5.0.0"
  
  "strip-bom@^3.0.0":
    "integrity" "sha1-IzTBjpx1n3vdVv3vfprj1YjmjtM="
    "resolved" "https://registry.npmjs.org/strip-bom/-/strip-bom-3.0.0.tgz"
    "version" "3.0.0"
  
  "strip-json-comments@3.1.1":
    "integrity" "sha512-6fPc+R4ihwqP6N/aIv2f1gMH8lOVtWQHoqC4yK6oSDVVocumAsfCqjkXnqiYMhmMwS/mEHLp7Vehlt3ql6lEig=="
    "resolved" "https://registry.npmjs.org/strip-json-comments/-/strip-json-comments-3.1.1.tgz"
    "version" "3.1.1"
  
  "supports-color@^2.0.0":
    "integrity" "sha1-U10EXOa2Nj+kARcIRimZXp3zJMc="
    "resolved" "https://registry.npmjs.org/supports-color/-/supports-color-2.0.0.tgz"
    "version" "2.0.0"
  
  "tarn@^3.0.1":
    "integrity" "sha512-6usSlV9KyHsspvwu2duKH+FMUhqJnAh6J5J/4MITl8s94iSUQTLkJggdiewKv4RyARQccnigV48Z+khiuVZDJw=="
    "resolved" "https://registry.npmjs.org/tarn/-/tarn-3.0.1.tgz"
    "version" "3.0.1"
  
  "tildify@2.0.0":
    "integrity" "sha512-Cc+OraorugtXNfs50hU9KS369rFXCfgGLpfCfvlc+Ud5u6VWmUQsOAa9HbTvheQdYnrdJqqv1e5oIqXppMYnSw=="
    "resolved" "https://registry.npmjs.org/tildify/-/tildify-2.0.0.tgz"
    "version" "2.0.0"
  
  "to-object-path@^0.3.0":
    "integrity" "sha1-KXWIt7Dn4KwI4E5nL4XB9JmeF68="
    "resolved" "https://registry.npmjs.org/to-object-path/-/to-object-path-0.3.0.tgz"
    "version" "0.3.0"
    dependencies:
      "kind-of" "^3.0.2"
  
  "to-regex-range@^2.1.0":
    "integrity" "sha1-fIDBe53+vlmeJzZ+DU3VWQFB2zg="
    "resolved" "https://registry.npmjs.org/to-regex-range/-/to-regex-range-2.1.1.tgz"
    "version" "2.1.1"
    dependencies:
      "is-number" "^3.0.0"
      "repeat-string" "^1.6.1"
  
  "to-regex-range@^5.0.1":
    "integrity" "sha512-65P7iz6X5yEr1cwcgvQxbbIw7Uk3gOy5dIdtZ4rDveLqhrdJP+Li/Hx6tyK0NEb+2GCyneCMJiGqrADCSNk8sQ=="
    "resolved" "https://registry.npmjs.org/to-regex-range/-/to-regex-range-5.0.1.tgz"
    "version" "5.0.1"
    dependencies:
      "is-number" "^7.0.0"
  
  "to-regex@^3.0.1", "to-regex@^3.0.2":
    "integrity" "sha512-FWtleNAtZ/Ki2qtqej2CXTOayOH9bHDQF+Q48VpWyDXjbYxA4Yz8iDB31zXOBUlOHHKidDbqGVrTUvQMPmBGBw=="
    "resolved" "https://registry.npmjs.org/to-regex/-/to-regex-3.0.2.tgz"
    "version" "3.0.2"
    dependencies:
      "define-property" "^2.0.2"
      "extend-shallow" "^3.0.2"
      "regex-not" "^1.0.2"
      "safe-regex" "^1.1.0"
  
  "tsconfig-paths@3.9.0":
    "integrity" "sha512-dRcuzokWhajtZWkQsDVKbWyY+jgcLC5sqJhg2PSgf4ZkH2aHPvaOY8YWGhmjb68b5qqTfasSsDO9k7RUiEmZAw=="
    "resolved" "https://registry.npmjs.org/tsconfig-paths/-/tsconfig-paths-3.9.0.tgz"
    "version" "3.9.0"
    dependencies:
      "@types/json5" "^0.0.29"
      "json5" "^1.0.1"
      "minimist" "^1.2.0"
      "strip-bom" "^3.0.0"
  
  "umzug@2.3.0":
    "integrity" "sha512-Z274K+e8goZK8QJxmbRPhl89HPO1K+ORFtm6rySPhFKfKc5GHhqdzD0SGhSWHkzoXasqJuItdhorSvY7/Cgflw=="
    "resolved" "https://registry.npmjs.org/umzug/-/umzug-2.3.0.tgz"
    "version" "2.3.0"
    dependencies:
      "bluebird" "^3.7.2"
  
  "unc-path-regex@^0.1.2":
    "integrity" "sha1-5z3T17DXxe2G+6xrCufYxqadUPo="
    "resolved" "https://registry.npmjs.org/unc-path-regex/-/unc-path-regex-0.1.2.tgz"
    "version" "0.1.2"
  
  "union-value@^1.0.0":
    "integrity" "sha512-tJfXmxMeWYnczCVs7XAEvIV7ieppALdyepWMkHkwciRpZraG/xwT+s2JN8+pr1+8jCRf80FFzvr+MpQeeoF4Xg=="
    "resolved" "https://registry.npmjs.org/union-value/-/union-value-1.0.1.tgz"
    "version" "1.0.1"
    dependencies:
      "arr-union" "^3.1.0"
      "get-value" "^2.0.6"
      "is-extendable" "^0.1.1"
      "set-value" "^2.0.1"
  
  "universalify@^2.0.0":
    "integrity" "sha512-hAZsKq7Yy11Zu1DE0OzWjw7nnLZmJZYTDZZyEFHZdUhV8FkH5MCfoU1XMaxXovpyW5nq5scPqq0ZDP9Zyl04oQ=="
    "resolved" "https://registry.npmjs.org/universalify/-/universalify-2.0.0.tgz"
    "version" "2.0.0"
  
  "unset-value@^1.0.0":
    "integrity" "sha1-g3aHP30jNRef+x5vw6jtDfyKtVk="
    "resolved" "https://registry.npmjs.org/unset-value/-/unset-value-1.0.0.tgz"
    "version" "1.0.0"
    dependencies:
      "has-value" "^0.3.1"
      "isobject" "^3.0.0"
  
  "urix@^0.1.0":
    "integrity" "sha1-2pN/emLiH+wf0Y1Js1wpNQZ6bHI="
    "resolved" "https://registry.npmjs.org/urix/-/urix-0.1.0.tgz"
    "version" "0.1.0"
  
  "use@^3.1.0":
    "integrity" "sha512-cwESVXlO3url9YWlFW/TA9cshCEhtu7IKJ/p5soJ/gGpj7vbvFrAY/eIioQ6Dw23KjZhYgiIo8HOs1nQ2vr/oQ=="
    "resolved" "https://registry.npmjs.org/use/-/use-3.1.1.tgz"
    "version" "3.1.1"
  
  "util-deprecate@^1.0.1":
    "integrity" "sha1-RQ1Nyfpw3nMnYvvS1KKJgUGaDM8="
    "resolved" "https://registry.npmjs.org/util-deprecate/-/util-deprecate-1.0.2.tgz"
    "version" "1.0.2"
  
  "v8flags@^3.2.0":
    "integrity" "sha512-mH8etigqMfiGWdeXpaaqGfs6BndypxusHHcv2qSHyZkGEznCd/qAXCWWRzeowtL54147cktFOC4P5y+kl8d8Jg=="
    "resolved" "https://registry.npmjs.org/v8flags/-/v8flags-3.2.0.tgz"
    "version" "3.2.0"
    dependencies:
      "homedir-polyfill" "^1.0.1"
  
  "which-module@^2.0.0":
    "integrity" "sha1-2e8H3Od7mQK4o6j6SzHD4/fm6Ho="
    "resolved" "https://registry.npmjs.org/which-module/-/which-module-2.0.0.tgz"
    "version" "2.0.0"
  
  "which@^1.2.14":
    "integrity" "sha512-HxJdYWq1MTIQbJ3nw0cqssHoTNU267KlrDuGZ1WYlxDStUtKUhOaJmh112/TZmHxxUfuJqPXSOm7tDyas0OSIQ=="
    "resolved" "https://registry.npmjs.org/which/-/which-1.3.1.tgz"
    "version" "1.3.1"
    dependencies:
      "isexe" "^2.0.0"
  
  "wrap-ansi@^6.2.0":
    "integrity" "sha512-r6lPcBGxZXlIcymEu7InxDMhdW0KDxpLgoFLcguasxCaJ/SOIZwINatK9KY/tf+ZrlywOKU0UDj3ATXUBfxJXA=="
    "resolved" "https://registry.npmjs.org/wrap-ansi/-/wrap-ansi-6.2.0.tgz"
    "version" "6.2.0"
    dependencies:
      "ansi-styles" "^4.0.0"
      "string-width" "^4.1.0"
      "strip-ansi" "^6.0.0"
  
  "xtend@^4.0.0":
    "integrity" "sha512-LKYU1iAXJXUgAXn9URjiu+MWhyUXHsvfp7mcuYm9dSUKK0/CjtrUwFAxD82/mCWbtLsGjFIad0wIsod4zrTAEQ=="
    "resolved" "https://registry.npmjs.org/xtend/-/xtend-4.0.2.tgz"
    "version" "4.0.2"
  
  "y18n@^4.0.0":
    "integrity" "sha512-JKhqTOwSrqNA1NY5lSztJ1GrBiUodLMmIZuLiDaMRJ+itFd+ABVE8XBjOvIWL+rSqNDC74LCSFmlb/U4UZ4hJQ=="
    "resolved" "https://registry.npmjs.org/y18n/-/y18n-4.0.3.tgz"
    "version" "4.0.3"
  
  "yargonaut@1.1.4":
    "integrity" "sha512-rHgFmbgXAAzl+1nngqOcwEljqHGG9uUZoPjsdZEs1w5JW9RXYzrSvH/u70C1JE5qFi0qjsdhnUX/dJRpWqitSA=="
    "resolved" "https://registry.npmjs.org/yargonaut/-/yargonaut-1.1.4.tgz"
    "version" "1.1.4"
    dependencies:
      "chalk" "^1.1.1"
      "figlet" "^1.1.1"
      "parent-require" "^1.0.0"
  
  "yargs-parser@^18.1.2":
    "integrity" "sha512-o50j0JeToy/4K6OZcaQmW6lyXXKhq7csREXcDwk2omFPJEwUNOVtJKvmDr9EI1fAJZUyZcRF7kxGBWmRXudrCQ=="
    "resolved" "https://registry.npmjs.org/yargs-parser/-/yargs-parser-18.1.3.tgz"
    "version" "18.1.3"
    dependencies:
      "camelcase" "^5.0.0"
      "decamelize" "^1.2.0"
  
  "yargs@15.4.1":
    "integrity" "sha512-aePbxDmcYW++PaqBsJ+HYUFwCdv4LVvdnhBy78E57PIor8/OVvhMrADFFEDh8DHDFRv/O9i3lPhsENjO7QX0+A=="
    "resolved" "https://registry.npmjs.org/yargs/-/yargs-15.4.1.tgz"
    "version" "15.4.1"
    dependencies:
      "cliui" "^6.0.0"
      "decamelize" "^1.2.0"
      "find-up" "^4.1.0"
      "get-caller-file" "^2.0.1"
      "require-directory" "^2.1.1"
      "require-main-filename" "^2.0.0"
      "set-blocking" "^2.0.0"
      "string-width" "^4.2.0"
      "which-module" "^2.0.0"
      "y18n" "^4.0.0"
      "yargs-parser" "^18.1.2"
